{"/home/abie/Documents/glintsxbinar/app.js": {"path":"/home/abie/Documents/glintsxbinar/app.js","statementMap":{"0":{"start":{"line":1,"column":0},"end":{"line":3,"column":3}},"1":{"start":{"line":5,"column":16},"end":{"line":5,"column":34}},"2":{"start":{"line":6,"column":19},"end":{"line":6,"column":48}},"3":{"start":{"line":9,"column":19},"end":{"line":9,"column":50}},"4":{"start":{"line":10,"column":21},"end":{"line":10,"column":53}},"5":{"start":{"line":11,"column":24},"end":{"line":11,"column":59}},"6":{"start":{"line":12,"column":24},"end":{"line":12,"column":59}},"7":{"start":{"line":13,"column":22},"end":{"line":13,"column":55}},"8":{"start":{"line":16,"column":12},"end":{"line":16,"column":21}},"9":{"start":{"line":19,"column":0},"end":{"line":19,"column":24}},"10":{"start":{"line":20,"column":0},"end":{"line":24,"column":2}},"11":{"start":{"line":27,"column":0},"end":{"line":27,"column":22}},"12":{"start":{"line":30,"column":0},"end":{"line":30,"column":34}},"13":{"start":{"line":33,"column":0},"end":{"line":33,"column":29}},"14":{"start":{"line":34,"column":0},"end":{"line":34,"column":33}},"15":{"start":{"line":35,"column":0},"end":{"line":35,"column":39}},"16":{"start":{"line":36,"column":0},"end":{"line":36,"column":39}},"17":{"start":{"line":37,"column":0},"end":{"line":37,"column":35}},"18":{"start":{"line":40,"column":13},"end":{"line":40,"column":37}},"19":{"start":{"line":41,"column":0},"end":{"line":43,"column":1}},"20":{"start":{"line":42,"column":0},"end":{"line":42,"column":85}},"21":{"start":{"line":42,"column":23},"end":{"line":42,"column":83}},"22":{"start":{"line":45,"column":0},"end":{"line":45,"column":21}}},"fnMap":{"0":{"name":"(anonymous_0)","decl":{"start":{"line":42,"column":17},"end":{"line":42,"column":18}},"loc":{"start":{"line":42,"column":23},"end":{"line":42,"column":83}},"line":42}},"branchMap":{"0":{"loc":{"start":{"line":40,"column":13},"end":{"line":40,"column":37}},"type":"binary-expr","locations":[{"start":{"line":40,"column":13},"end":{"line":40,"column":17}},{"start":{"line":40,"column":21},"end":{"line":40,"column":37}}],"line":40},"1":{"loc":{"start":{"line":41,"column":0},"end":{"line":43,"column":1}},"type":"if","locations":[{"start":{"line":41,"column":0},"end":{"line":43,"column":1}},{"start":{"line":41,"column":0},"end":{"line":43,"column":1}}],"line":41}},"s":{"0":1,"1":1,"2":1,"3":1,"4":1,"5":1,"6":1,"7":1,"8":1,"9":1,"10":1,"11":1,"12":1,"13":1,"14":1,"15":1,"16":1,"17":1,"18":1,"19":1,"20":0,"21":0,"22":1},"f":{"0":0},"b":{"0":[1,0],"1":[0,1]},"_coverageSchema":"1a1c01bbd47fc00a2c39e90264f33305004495a9","hash":"1817cb556cc517526deb435b77c5764efa6efde6"}
,"/home/abie/Documents/glintsxbinar/controllers/authController.js": {"path":"/home/abie/Documents/glintsxbinar/controllers/authController.js","statementMap":{"0":{"start":{"line":1,"column":12},"end":{"line":1,"column":35}},"1":{"start":{"line":5,"column":4},"end":{"line":21,"column":5}},"2":{"start":{"line":6,"column":19},"end":{"line":8,"column":7}},"3":{"start":{"line":10,"column":20},"end":{"line":10,"column":58}},"4":{"start":{"line":12,"column":6},"end":{"line":15,"column":9}},"5":{"start":{"line":17,"column":6},"end":{"line":20,"column":9}},"6":{"start":{"line":25,"column":0},"end":{"line":25,"column":38}}},"fnMap":{"0":{"name":"(anonymous_0)","decl":{"start":{"line":4,"column":2},"end":{"line":4,"column":3}},"loc":{"start":{"line":4,"column":27},"end":{"line":22,"column":3}},"line":4}},"branchMap":{},"s":{"0":1,"1":2,"2":2,"3":2,"4":2,"5":0,"6":1},"f":{"0":2},"b":{},"_coverageSchema":"1a1c01bbd47fc00a2c39e90264f33305004495a9","hash":"dafaef0a1d9726972cf50e553e6d4fccfb718d0b"}
,"/home/abie/Documents/glintsxbinar/controllers/barangController.js": {"path":"/home/abie/Documents/glintsxbinar/controllers/barangController.js","statementMap":{"0":{"start":{"line":1,"column":15},"end":{"line":1,"column":32}},"1":{"start":{"line":2,"column":13},"end":{"line":2,"column":28}},"2":{"start":{"line":3,"column":50},"end":{"line":3,"column":70}},"3":{"start":{"line":7,"column":4},"end":{"line":27,"column":5}},"4":{"start":{"line":8,"column":17},"end":{"line":8,"column":36}},"5":{"start":{"line":11,"column":6},"end":{"line":15,"column":7}},"6":{"start":{"line":12,"column":8},"end":{"line":14,"column":11}},"7":{"start":{"line":18,"column":6},"end":{"line":21,"column":9}},"8":{"start":{"line":23,"column":6},"end":{"line":26,"column":9}},"9":{"start":{"line":31,"column":4},"end":{"line":49,"column":5}},"10":{"start":{"line":32,"column":17},"end":{"line":32,"column":61}},"11":{"start":{"line":35,"column":6},"end":{"line":39,"column":7}},"12":{"start":{"line":36,"column":8},"end":{"line":38,"column":11}},"13":{"start":{"line":40,"column":6},"end":{"line":43,"column":9}},"14":{"start":{"line":45,"column":6},"end":{"line":48,"column":9}},"15":{"start":{"line":53,"column":4},"end":{"line":77,"column":5}},"16":{"start":{"line":55,"column":17},"end":{"line":63,"column":7}},"17":{"start":{"line":68,"column":6},"end":{"line":71,"column":9}},"18":{"start":{"line":73,"column":6},"end":{"line":76,"column":9}},"19":{"start":{"line":82,"column":4},"end":{"line":94,"column":5}},"20":{"start":{"line":84,"column":6},"end":{"line":84,"column":50}},"21":{"start":{"line":86,"column":6},"end":{"line":88,"column":9}},"22":{"start":{"line":90,"column":6},"end":{"line":93,"column":9}},"23":{"start":{"line":98,"column":4},"end":{"line":156,"column":5}},"24":{"start":{"line":100,"column":6},"end":{"line":135,"column":7}},"25":{"start":{"line":101,"column":21},"end":{"line":101,"column":36}},"26":{"start":{"line":104,"column":8},"end":{"line":106,"column":9}},"27":{"start":{"line":105,"column":10},"end":{"line":105,"column":76}},"28":{"start":{"line":109,"column":8},"end":{"line":113,"column":9}},"29":{"start":{"line":110,"column":10},"end":{"line":112,"column":62}},"30":{"start":{"line":116,"column":23},"end":{"line":116,"column":61}},"31":{"start":{"line":119,"column":8},"end":{"line":119,"column":62}},"32":{"start":{"line":122,"column":8},"end":{"line":122,"column":35}},"33":{"start":{"line":125,"column":8},"end":{"line":134,"column":11}},"34":{"start":{"line":126,"column":10},"end":{"line":133,"column":11}},"35":{"start":{"line":127,"column":12},"end":{"line":127,"column":31}},"36":{"start":{"line":129,"column":12},"end":{"line":132,"column":15}},"37":{"start":{"line":138,"column":24},"end":{"line":138,"column":53}},"38":{"start":{"line":141,"column":17},"end":{"line":143,"column":28}},"39":{"start":{"line":146,"column":6},"end":{"line":149,"column":9}},"40":{"start":{"line":151,"column":6},"end":{"line":151,"column":23}},"41":{"start":{"line":152,"column":6},"end":{"line":155,"column":9}},"42":{"start":{"line":160,"column":0},"end":{"line":160,"column":40}}},"fnMap":{"0":{"name":"(anonymous_0)","decl":{"start":{"line":6,"column":2},"end":{"line":6,"column":3}},"loc":{"start":{"line":6,"column":25},"end":{"line":28,"column":3}},"line":6},"1":{"name":"(anonymous_1)","decl":{"start":{"line":30,"column":2},"end":{"line":30,"column":3}},"loc":{"start":{"line":30,"column":25},"end":{"line":50,"column":3}},"line":30},"2":{"name":"(anonymous_2)","decl":{"start":{"line":52,"column":2},"end":{"line":52,"column":3}},"loc":{"start":{"line":52,"column":25},"end":{"line":78,"column":3}},"line":52},"3":{"name":"(anonymous_3)","decl":{"start":{"line":81,"column":2},"end":{"line":81,"column":3}},"loc":{"start":{"line":81,"column":25},"end":{"line":95,"column":3}},"line":81},"4":{"name":"(anonymous_4)","decl":{"start":{"line":97,"column":2},"end":{"line":97,"column":3}},"loc":{"start":{"line":97,"column":25},"end":{"line":157,"column":3}},"line":97},"5":{"name":"(anonymous_5)","decl":{"start":{"line":125,"column":48},"end":{"line":125,"column":49}},"loc":{"start":{"line":125,"column":63},"end":{"line":134,"column":9}},"line":125}},"branchMap":{"0":{"loc":{"start":{"line":11,"column":6},"end":{"line":15,"column":7}},"type":"if","locations":[{"start":{"line":11,"column":6},"end":{"line":15,"column":7}},{"start":{"line":11,"column":6},"end":{"line":15,"column":7}}],"line":11},"1":{"loc":{"start":{"line":35,"column":6},"end":{"line":39,"column":7}},"type":"if","locations":[{"start":{"line":35,"column":6},"end":{"line":39,"column":7}},{"start":{"line":35,"column":6},"end":{"line":39,"column":7}}],"line":35},"2":{"loc":{"start":{"line":100,"column":6},"end":{"line":135,"column":7}},"type":"if","locations":[{"start":{"line":100,"column":6},"end":{"line":135,"column":7}},{"start":{"line":100,"column":6},"end":{"line":135,"column":7}}],"line":100},"3":{"loc":{"start":{"line":104,"column":8},"end":{"line":106,"column":9}},"type":"if","locations":[{"start":{"line":104,"column":8},"end":{"line":106,"column":9}},{"start":{"line":104,"column":8},"end":{"line":106,"column":9}}],"line":104},"4":{"loc":{"start":{"line":109,"column":8},"end":{"line":113,"column":9}},"type":"if","locations":[{"start":{"line":109,"column":8},"end":{"line":113,"column":9}},{"start":{"line":109,"column":8},"end":{"line":113,"column":9}}],"line":109},"5":{"loc":{"start":{"line":126,"column":10},"end":{"line":133,"column":11}},"type":"if","locations":[{"start":{"line":126,"column":10},"end":{"line":133,"column":11}},{"start":{"line":126,"column":10},"end":{"line":133,"column":11}}],"line":126}},"s":{"0":1,"1":1,"2":1,"3":0,"4":0,"5":0,"6":0,"7":0,"8":0,"9":0,"10":0,"11":0,"12":0,"13":0,"14":0,"15":0,"16":0,"17":0,"18":0,"19":0,"20":0,"21":0,"22":0,"23":0,"24":0,"25":0,"26":0,"27":0,"28":0,"29":0,"30":0,"31":0,"32":0,"33":0,"34":0,"35":0,"36":0,"37":0,"38":0,"39":0,"40":0,"41":0,"42":1},"f":{"0":0,"1":0,"2":0,"3":0,"4":0,"5":0},"b":{"0":[0,0],"1":[0,0],"2":[0,0],"3":[0,0],"4":[0,0],"5":[0,0]},"_coverageSchema":"1a1c01bbd47fc00a2c39e90264f33305004495a9","hash":"9361ca48b8975c7f45b68dc545bd64b55ba738e4"}
,"/home/abie/Documents/glintsxbinar/controllers/pelangganController.js": {"path":"/home/abie/Documents/glintsxbinar/controllers/pelangganController.js","statementMap":{"0":{"start":{"line":1,"column":15},"end":{"line":1,"column":32}},"1":{"start":{"line":2,"column":13},"end":{"line":2,"column":28}},"2":{"start":{"line":3,"column":22},"end":{"line":3,"column":42}},"3":{"start":{"line":8,"column":4},"end":{"line":29,"column":5}},"4":{"start":{"line":10,"column":17},"end":{"line":10,"column":39}},"5":{"start":{"line":13,"column":6},"end":{"line":17,"column":7}},"6":{"start":{"line":14,"column":8},"end":{"line":16,"column":11}},"7":{"start":{"line":20,"column":6},"end":{"line":23,"column":9}},"8":{"start":{"line":25,"column":6},"end":{"line":28,"column":9}},"9":{"start":{"line":34,"column":4},"end":{"line":55,"column":5}},"10":{"start":{"line":36,"column":17},"end":{"line":36,"column":64}},"11":{"start":{"line":39,"column":6},"end":{"line":43,"column":7}},"12":{"start":{"line":40,"column":8},"end":{"line":42,"column":11}},"13":{"start":{"line":46,"column":6},"end":{"line":49,"column":9}},"14":{"start":{"line":51,"column":6},"end":{"line":54,"column":9}},"15":{"start":{"line":59,"column":4},"end":{"line":115,"column":5}},"16":{"start":{"line":61,"column":6},"end":{"line":96,"column":7}},"17":{"start":{"line":62,"column":21},"end":{"line":62,"column":36}},"18":{"start":{"line":65,"column":8},"end":{"line":67,"column":9}},"19":{"start":{"line":66,"column":10},"end":{"line":66,"column":76}},"20":{"start":{"line":70,"column":8},"end":{"line":74,"column":9}},"21":{"start":{"line":71,"column":10},"end":{"line":73,"column":62}},"22":{"start":{"line":77,"column":23},"end":{"line":77,"column":61}},"23":{"start":{"line":80,"column":8},"end":{"line":80,"column":62}},"24":{"start":{"line":83,"column":8},"end":{"line":83,"column":35}},"25":{"start":{"line":86,"column":8},"end":{"line":95,"column":11}},"26":{"start":{"line":87,"column":10},"end":{"line":94,"column":11}},"27":{"start":{"line":88,"column":12},"end":{"line":88,"column":31}},"28":{"start":{"line":90,"column":12},"end":{"line":93,"column":15}},"29":{"start":{"line":99,"column":24},"end":{"line":99,"column":56}},"30":{"start":{"line":102,"column":17},"end":{"line":102,"column":66}},"31":{"start":{"line":105,"column":6},"end":{"line":108,"column":9}},"32":{"start":{"line":110,"column":6},"end":{"line":110,"column":23}},"33":{"start":{"line":111,"column":6},"end":{"line":114,"column":9}},"34":{"start":{"line":119,"column":4},"end":{"line":143,"column":5}},"35":{"start":{"line":121,"column":17},"end":{"line":129,"column":7}},"36":{"start":{"line":134,"column":6},"end":{"line":137,"column":9}},"37":{"start":{"line":139,"column":6},"end":{"line":142,"column":9}},"38":{"start":{"line":148,"column":4},"end":{"line":160,"column":5}},"39":{"start":{"line":150,"column":6},"end":{"line":150,"column":53}},"40":{"start":{"line":152,"column":6},"end":{"line":154,"column":9}},"41":{"start":{"line":156,"column":6},"end":{"line":159,"column":9}},"42":{"start":{"line":164,"column":0},"end":{"line":164,"column":43}}},"fnMap":{"0":{"name":"(anonymous_0)","decl":{"start":{"line":7,"column":2},"end":{"line":7,"column":3}},"loc":{"start":{"line":7,"column":25},"end":{"line":30,"column":3}},"line":7},"1":{"name":"(anonymous_1)","decl":{"start":{"line":33,"column":2},"end":{"line":33,"column":3}},"loc":{"start":{"line":33,"column":25},"end":{"line":56,"column":3}},"line":33},"2":{"name":"(anonymous_2)","decl":{"start":{"line":58,"column":2},"end":{"line":58,"column":3}},"loc":{"start":{"line":58,"column":25},"end":{"line":116,"column":3}},"line":58},"3":{"name":"(anonymous_3)","decl":{"start":{"line":86,"column":48},"end":{"line":86,"column":49}},"loc":{"start":{"line":86,"column":63},"end":{"line":95,"column":9}},"line":86},"4":{"name":"(anonymous_4)","decl":{"start":{"line":118,"column":2},"end":{"line":118,"column":3}},"loc":{"start":{"line":118,"column":25},"end":{"line":144,"column":3}},"line":118},"5":{"name":"(anonymous_5)","decl":{"start":{"line":147,"column":2},"end":{"line":147,"column":3}},"loc":{"start":{"line":147,"column":25},"end":{"line":161,"column":3}},"line":147}},"branchMap":{"0":{"loc":{"start":{"line":13,"column":6},"end":{"line":17,"column":7}},"type":"if","locations":[{"start":{"line":13,"column":6},"end":{"line":17,"column":7}},{"start":{"line":13,"column":6},"end":{"line":17,"column":7}}],"line":13},"1":{"loc":{"start":{"line":39,"column":6},"end":{"line":43,"column":7}},"type":"if","locations":[{"start":{"line":39,"column":6},"end":{"line":43,"column":7}},{"start":{"line":39,"column":6},"end":{"line":43,"column":7}}],"line":39},"2":{"loc":{"start":{"line":61,"column":6},"end":{"line":96,"column":7}},"type":"if","locations":[{"start":{"line":61,"column":6},"end":{"line":96,"column":7}},{"start":{"line":61,"column":6},"end":{"line":96,"column":7}}],"line":61},"3":{"loc":{"start":{"line":65,"column":8},"end":{"line":67,"column":9}},"type":"if","locations":[{"start":{"line":65,"column":8},"end":{"line":67,"column":9}},{"start":{"line":65,"column":8},"end":{"line":67,"column":9}}],"line":65},"4":{"loc":{"start":{"line":70,"column":8},"end":{"line":74,"column":9}},"type":"if","locations":[{"start":{"line":70,"column":8},"end":{"line":74,"column":9}},{"start":{"line":70,"column":8},"end":{"line":74,"column":9}}],"line":70},"5":{"loc":{"start":{"line":87,"column":10},"end":{"line":94,"column":11}},"type":"if","locations":[{"start":{"line":87,"column":10},"end":{"line":94,"column":11}},{"start":{"line":87,"column":10},"end":{"line":94,"column":11}}],"line":87}},"s":{"0":1,"1":1,"2":1,"3":1,"4":1,"5":1,"6":0,"7":1,"8":0,"9":1,"10":1,"11":1,"12":1,"13":0,"14":0,"15":1,"16":1,"17":0,"18":0,"19":0,"20":0,"21":0,"22":0,"23":0,"24":0,"25":0,"26":0,"27":0,"28":0,"29":1,"30":1,"31":1,"32":0,"33":0,"34":1,"35":1,"36":1,"37":0,"38":0,"39":0,"40":0,"41":0,"42":1},"f":{"0":1,"1":1,"2":1,"3":0,"4":1,"5":0},"b":{"0":[0,1],"1":[1,0],"2":[0,1],"3":[0,0],"4":[0,0],"5":[0,0]},"_coverageSchema":"1a1c01bbd47fc00a2c39e90264f33305004495a9","hash":"3b9910f9ff0044f8c679a4d666b01f3170b14291"}
,"/home/abie/Documents/glintsxbinar/controllers/pemasokController.js": {"path":"/home/abie/Documents/glintsxbinar/controllers/pemasokController.js","statementMap":{"0":{"start":{"line":1,"column":15},"end":{"line":1,"column":32}},"1":{"start":{"line":2,"column":13},"end":{"line":2,"column":28}},"2":{"start":{"line":3,"column":20},"end":{"line":3,"column":40}},"3":{"start":{"line":7,"column":4},"end":{"line":25,"column":5}},"4":{"start":{"line":8,"column":17},"end":{"line":8,"column":37}},"5":{"start":{"line":10,"column":6},"end":{"line":14,"column":7}},"6":{"start":{"line":11,"column":8},"end":{"line":13,"column":11}},"7":{"start":{"line":16,"column":6},"end":{"line":19,"column":9}},"8":{"start":{"line":21,"column":6},"end":{"line":24,"column":9}},"9":{"start":{"line":29,"column":4},"end":{"line":49,"column":5}},"10":{"start":{"line":30,"column":17},"end":{"line":32,"column":8}},"11":{"start":{"line":34,"column":6},"end":{"line":38,"column":7}},"12":{"start":{"line":35,"column":8},"end":{"line":37,"column":11}},"13":{"start":{"line":40,"column":6},"end":{"line":43,"column":9}},"14":{"start":{"line":45,"column":6},"end":{"line":48,"column":9}},"15":{"start":{"line":53,"column":4},"end":{"line":103,"column":5}},"16":{"start":{"line":54,"column":6},"end":{"line":89,"column":7}},"17":{"start":{"line":55,"column":21},"end":{"line":55,"column":36}},"18":{"start":{"line":58,"column":8},"end":{"line":60,"column":9}},"19":{"start":{"line":59,"column":10},"end":{"line":59,"column":75}},"20":{"start":{"line":63,"column":8},"end":{"line":67,"column":9}},"21":{"start":{"line":64,"column":10},"end":{"line":66,"column":62}},"22":{"start":{"line":70,"column":23},"end":{"line":70,"column":61}},"23":{"start":{"line":73,"column":8},"end":{"line":73,"column":62}},"24":{"start":{"line":76,"column":8},"end":{"line":76,"column":35}},"25":{"start":{"line":79,"column":8},"end":{"line":88,"column":11}},"26":{"start":{"line":80,"column":10},"end":{"line":87,"column":11}},"27":{"start":{"line":81,"column":12},"end":{"line":81,"column":31}},"28":{"start":{"line":83,"column":12},"end":{"line":86,"column":15}},"29":{"start":{"line":91,"column":17},"end":{"line":91,"column":47}},"30":{"start":{"line":93,"column":6},"end":{"line":96,"column":9}},"31":{"start":{"line":98,"column":6},"end":{"line":98,"column":21}},"32":{"start":{"line":99,"column":6},"end":{"line":102,"column":9}},"33":{"start":{"line":107,"column":4},"end":{"line":164,"column":5}},"34":{"start":{"line":108,"column":6},"end":{"line":143,"column":7}},"35":{"start":{"line":109,"column":21},"end":{"line":109,"column":36}},"36":{"start":{"line":112,"column":8},"end":{"line":114,"column":9}},"37":{"start":{"line":113,"column":10},"end":{"line":113,"column":76}},"38":{"start":{"line":117,"column":8},"end":{"line":121,"column":9}},"39":{"start":{"line":118,"column":10},"end":{"line":120,"column":62}},"40":{"start":{"line":124,"column":23},"end":{"line":124,"column":61}},"41":{"start":{"line":127,"column":8},"end":{"line":127,"column":62}},"42":{"start":{"line":130,"column":8},"end":{"line":130,"column":35}},"43":{"start":{"line":133,"column":8},"end":{"line":142,"column":11}},"44":{"start":{"line":134,"column":10},"end":{"line":141,"column":11}},"45":{"start":{"line":135,"column":12},"end":{"line":135,"column":31}},"46":{"start":{"line":137,"column":12},"end":{"line":140,"column":15}},"47":{"start":{"line":145,"column":17},"end":{"line":153,"column":7}},"48":{"start":{"line":155,"column":6},"end":{"line":158,"column":9}},"49":{"start":{"line":160,"column":6},"end":{"line":163,"column":9}},"50":{"start":{"line":168,"column":4},"end":{"line":180,"column":5}},"51":{"start":{"line":170,"column":6},"end":{"line":170,"column":51}},"52":{"start":{"line":172,"column":6},"end":{"line":174,"column":9}},"53":{"start":{"line":176,"column":6},"end":{"line":179,"column":9}},"54":{"start":{"line":184,"column":0},"end":{"line":184,"column":41}}},"fnMap":{"0":{"name":"(anonymous_0)","decl":{"start":{"line":6,"column":2},"end":{"line":6,"column":3}},"loc":{"start":{"line":6,"column":25},"end":{"line":26,"column":3}},"line":6},"1":{"name":"(anonymous_1)","decl":{"start":{"line":28,"column":2},"end":{"line":28,"column":3}},"loc":{"start":{"line":28,"column":25},"end":{"line":50,"column":3}},"line":28},"2":{"name":"(anonymous_2)","decl":{"start":{"line":52,"column":2},"end":{"line":52,"column":3}},"loc":{"start":{"line":52,"column":25},"end":{"line":104,"column":3}},"line":52},"3":{"name":"(anonymous_3)","decl":{"start":{"line":79,"column":48},"end":{"line":79,"column":49}},"loc":{"start":{"line":79,"column":63},"end":{"line":88,"column":9}},"line":79},"4":{"name":"(anonymous_4)","decl":{"start":{"line":106,"column":2},"end":{"line":106,"column":3}},"loc":{"start":{"line":106,"column":25},"end":{"line":165,"column":3}},"line":106},"5":{"name":"(anonymous_5)","decl":{"start":{"line":133,"column":48},"end":{"line":133,"column":49}},"loc":{"start":{"line":133,"column":63},"end":{"line":142,"column":9}},"line":133},"6":{"name":"(anonymous_6)","decl":{"start":{"line":167,"column":2},"end":{"line":167,"column":3}},"loc":{"start":{"line":167,"column":25},"end":{"line":181,"column":3}},"line":167}},"branchMap":{"0":{"loc":{"start":{"line":10,"column":6},"end":{"line":14,"column":7}},"type":"if","locations":[{"start":{"line":10,"column":6},"end":{"line":14,"column":7}},{"start":{"line":10,"column":6},"end":{"line":14,"column":7}}],"line":10},"1":{"loc":{"start":{"line":34,"column":6},"end":{"line":38,"column":7}},"type":"if","locations":[{"start":{"line":34,"column":6},"end":{"line":38,"column":7}},{"start":{"line":34,"column":6},"end":{"line":38,"column":7}}],"line":34},"2":{"loc":{"start":{"line":54,"column":6},"end":{"line":89,"column":7}},"type":"if","locations":[{"start":{"line":54,"column":6},"end":{"line":89,"column":7}},{"start":{"line":54,"column":6},"end":{"line":89,"column":7}}],"line":54},"3":{"loc":{"start":{"line":58,"column":8},"end":{"line":60,"column":9}},"type":"if","locations":[{"start":{"line":58,"column":8},"end":{"line":60,"column":9}},{"start":{"line":58,"column":8},"end":{"line":60,"column":9}}],"line":58},"4":{"loc":{"start":{"line":63,"column":8},"end":{"line":67,"column":9}},"type":"if","locations":[{"start":{"line":63,"column":8},"end":{"line":67,"column":9}},{"start":{"line":63,"column":8},"end":{"line":67,"column":9}}],"line":63},"5":{"loc":{"start":{"line":80,"column":10},"end":{"line":87,"column":11}},"type":"if","locations":[{"start":{"line":80,"column":10},"end":{"line":87,"column":11}},{"start":{"line":80,"column":10},"end":{"line":87,"column":11}}],"line":80},"6":{"loc":{"start":{"line":108,"column":6},"end":{"line":143,"column":7}},"type":"if","locations":[{"start":{"line":108,"column":6},"end":{"line":143,"column":7}},{"start":{"line":108,"column":6},"end":{"line":143,"column":7}}],"line":108},"7":{"loc":{"start":{"line":112,"column":8},"end":{"line":114,"column":9}},"type":"if","locations":[{"start":{"line":112,"column":8},"end":{"line":114,"column":9}},{"start":{"line":112,"column":8},"end":{"line":114,"column":9}}],"line":112},"8":{"loc":{"start":{"line":117,"column":8},"end":{"line":121,"column":9}},"type":"if","locations":[{"start":{"line":117,"column":8},"end":{"line":121,"column":9}},{"start":{"line":117,"column":8},"end":{"line":121,"column":9}}],"line":117},"9":{"loc":{"start":{"line":134,"column":10},"end":{"line":141,"column":11}},"type":"if","locations":[{"start":{"line":134,"column":10},"end":{"line":141,"column":11}},{"start":{"line":134,"column":10},"end":{"line":141,"column":11}}],"line":134}},"s":{"0":1,"1":1,"2":1,"3":0,"4":0,"5":0,"6":0,"7":0,"8":0,"9":0,"10":0,"11":0,"12":0,"13":0,"14":0,"15":0,"16":0,"17":0,"18":0,"19":0,"20":0,"21":0,"22":0,"23":0,"24":0,"25":0,"26":0,"27":0,"28":0,"29":0,"30":0,"31":0,"32":0,"33":0,"34":0,"35":0,"36":0,"37":0,"38":0,"39":0,"40":0,"41":0,"42":0,"43":0,"44":0,"45":0,"46":0,"47":0,"48":0,"49":0,"50":0,"51":0,"52":0,"53":0,"54":1},"f":{"0":0,"1":0,"2":0,"3":0,"4":0,"5":0,"6":0},"b":{"0":[0,0],"1":[0,0],"2":[0,0],"3":[0,0],"4":[0,0],"5":[0,0],"6":[0,0],"7":[0,0],"8":[0,0],"9":[0,0]},"_coverageSchema":"1a1c01bbd47fc00a2c39e90264f33305004495a9","hash":"eea698c5a19461792898cf99e661ea48005c7432"}
,"/home/abie/Documents/glintsxbinar/controllers/transaksiController.js": {"path":"/home/abie/Documents/glintsxbinar/controllers/transaksiController.js","statementMap":{"0":{"start":{"line":1,"column":50},"end":{"line":1,"column":70}},"1":{"start":{"line":6,"column":4},"end":{"line":27,"column":5}},"2":{"start":{"line":8,"column":17},"end":{"line":8,"column":39}},"3":{"start":{"line":11,"column":6},"end":{"line":15,"column":7}},"4":{"start":{"line":12,"column":8},"end":{"line":14,"column":11}},"5":{"start":{"line":18,"column":6},"end":{"line":21,"column":9}},"6":{"start":{"line":23,"column":6},"end":{"line":26,"column":9}},"7":{"start":{"line":32,"column":4},"end":{"line":53,"column":5}},"8":{"start":{"line":34,"column":17},"end":{"line":34,"column":64}},"9":{"start":{"line":37,"column":6},"end":{"line":41,"column":7}},"10":{"start":{"line":38,"column":8},"end":{"line":40,"column":11}},"11":{"start":{"line":44,"column":6},"end":{"line":47,"column":9}},"12":{"start":{"line":49,"column":6},"end":{"line":52,"column":9}},"13":{"start":{"line":58,"column":4},"end":{"line":80,"column":5}},"14":{"start":{"line":60,"column":17},"end":{"line":60,"column":49}},"15":{"start":{"line":71,"column":6},"end":{"line":74,"column":9}},"16":{"start":{"line":76,"column":6},"end":{"line":79,"column":9}},"17":{"start":{"line":85,"column":4},"end":{"line":109,"column":5}},"18":{"start":{"line":87,"column":17},"end":{"line":95,"column":7}},"19":{"start":{"line":100,"column":6},"end":{"line":103,"column":9}},"20":{"start":{"line":105,"column":6},"end":{"line":108,"column":9}},"21":{"start":{"line":114,"column":4},"end":{"line":126,"column":5}},"22":{"start":{"line":116,"column":6},"end":{"line":116,"column":53}},"23":{"start":{"line":118,"column":6},"end":{"line":120,"column":9}},"24":{"start":{"line":122,"column":6},"end":{"line":125,"column":9}},"25":{"start":{"line":130,"column":0},"end":{"line":130,"column":43}}},"fnMap":{"0":{"name":"(anonymous_0)","decl":{"start":{"line":5,"column":2},"end":{"line":5,"column":3}},"loc":{"start":{"line":5,"column":25},"end":{"line":28,"column":3}},"line":5},"1":{"name":"(anonymous_1)","decl":{"start":{"line":31,"column":2},"end":{"line":31,"column":3}},"loc":{"start":{"line":31,"column":25},"end":{"line":54,"column":3}},"line":31},"2":{"name":"(anonymous_2)","decl":{"start":{"line":57,"column":2},"end":{"line":57,"column":3}},"loc":{"start":{"line":57,"column":25},"end":{"line":81,"column":3}},"line":57},"3":{"name":"(anonymous_3)","decl":{"start":{"line":84,"column":2},"end":{"line":84,"column":3}},"loc":{"start":{"line":84,"column":25},"end":{"line":110,"column":3}},"line":84},"4":{"name":"(anonymous_4)","decl":{"start":{"line":113,"column":2},"end":{"line":113,"column":3}},"loc":{"start":{"line":113,"column":25},"end":{"line":127,"column":3}},"line":113}},"branchMap":{"0":{"loc":{"start":{"line":11,"column":6},"end":{"line":15,"column":7}},"type":"if","locations":[{"start":{"line":11,"column":6},"end":{"line":15,"column":7}},{"start":{"line":11,"column":6},"end":{"line":15,"column":7}}],"line":11},"1":{"loc":{"start":{"line":37,"column":6},"end":{"line":41,"column":7}},"type":"if","locations":[{"start":{"line":37,"column":6},"end":{"line":41,"column":7}},{"start":{"line":37,"column":6},"end":{"line":41,"column":7}}],"line":37}},"s":{"0":1,"1":1,"2":1,"3":1,"4":1,"5":0,"6":0,"7":0,"8":0,"9":0,"10":0,"11":0,"12":0,"13":0,"14":0,"15":0,"16":0,"17":0,"18":0,"19":0,"20":0,"21":0,"22":0,"23":0,"24":0,"25":1},"f":{"0":1,"1":0,"2":0,"3":0,"4":0},"b":{"0":[1,0],"1":[0,0]},"_coverageSchema":"1a1c01bbd47fc00a2c39e90264f33305004495a9","hash":"fba919dfe60f8a218bb4fdcf332a2ee55b30b565"}
,"/home/abie/Documents/glintsxbinar/middlewares/auth/index.js": {"path":"/home/abie/Documents/glintsxbinar/middlewares/auth/index.js","statementMap":{"0":{"start":{"line":1,"column":17},"end":{"line":1,"column":36}},"1":{"start":{"line":2,"column":22},"end":{"line":2,"column":56}},"2":{"start":{"line":3,"column":15},"end":{"line":3,"column":32}},"3":{"start":{"line":4,"column":20},"end":{"line":4,"column":52}},"4":{"start":{"line":5,"column":19},"end":{"line":5,"column":53}},"5":{"start":{"line":6,"column":17},"end":{"line":6,"column":40}},"6":{"start":{"line":8,"column":0},"end":{"line":38,"column":2}},"7":{"start":{"line":10,"column":2},"end":{"line":37,"column":21}},"8":{"start":{"line":17,"column":4},"end":{"line":22,"column":5}},"9":{"start":{"line":18,"column":6},"end":{"line":21,"column":9}},"10":{"start":{"line":25,"column":4},"end":{"line":29,"column":5}},"11":{"start":{"line":26,"column":6},"end":{"line":28,"column":9}},"12":{"start":{"line":33,"column":4},"end":{"line":33,"column":20}},"13":{"start":{"line":36,"column":4},"end":{"line":36,"column":11}},"14":{"start":{"line":40,"column":0},"end":{"line":61,"column":2}},"15":{"start":{"line":49,"column":6},"end":{"line":58,"column":7}},"16":{"start":{"line":50,"column":25},"end":{"line":50,"column":52}},"17":{"start":{"line":51,"column":8},"end":{"line":53,"column":11}},"18":{"start":{"line":55,"column":8},"end":{"line":57,"column":11}},"19":{"start":{"line":63,"column":0},"end":{"line":93,"column":2}},"20":{"start":{"line":65,"column":2},"end":{"line":92,"column":21}},"21":{"start":{"line":72,"column":4},"end":{"line":77,"column":5}},"22":{"start":{"line":73,"column":6},"end":{"line":76,"column":9}},"23":{"start":{"line":80,"column":4},"end":{"line":84,"column":5}},"24":{"start":{"line":81,"column":6},"end":{"line":83,"column":9}},"25":{"start":{"line":88,"column":4},"end":{"line":88,"column":20}},"26":{"start":{"line":91,"column":4},"end":{"line":91,"column":11}},"27":{"start":{"line":95,"column":0},"end":{"line":131,"column":2}},"28":{"start":{"line":104,"column":6},"end":{"line":128,"column":7}},"29":{"start":{"line":105,"column":25},"end":{"line":105,"column":54}},"30":{"start":{"line":107,"column":8},"end":{"line":111,"column":9}},"31":{"start":{"line":108,"column":10},"end":{"line":110,"column":13}},"32":{"start":{"line":113,"column":23},"end":{"line":113,"column":74}},"33":{"start":{"line":115,"column":8},"end":{"line":119,"column":9}},"34":{"start":{"line":116,"column":10},"end":{"line":118,"column":13}},"35":{"start":{"line":121,"column":8},"end":{"line":123,"column":11}},"36":{"start":{"line":125,"column":8},"end":{"line":127,"column":11}},"37":{"start":{"line":133,"column":0},"end":{"line":163,"column":2}},"38":{"start":{"line":135,"column":2},"end":{"line":162,"column":21}},"39":{"start":{"line":142,"column":4},"end":{"line":147,"column":5}},"40":{"start":{"line":143,"column":6},"end":{"line":146,"column":9}},"41":{"start":{"line":150,"column":4},"end":{"line":154,"column":5}},"42":{"start":{"line":151,"column":6},"end":{"line":153,"column":9}},"43":{"start":{"line":158,"column":4},"end":{"line":158,"column":20}},"44":{"start":{"line":161,"column":4},"end":{"line":161,"column":11}},"45":{"start":{"line":165,"column":0},"end":{"line":186,"column":2}},"46":{"start":{"line":174,"column":24},"end":{"line":176,"column":8}},"47":{"start":{"line":178,"column":6},"end":{"line":180,"column":7}},"48":{"start":{"line":179,"column":8},"end":{"line":179,"column":33}},"49":{"start":{"line":181,"column":6},"end":{"line":183,"column":9}},"50":{"start":{"line":188,"column":0},"end":{"line":218,"column":2}},"51":{"start":{"line":190,"column":2},"end":{"line":217,"column":21}},"52":{"start":{"line":197,"column":4},"end":{"line":202,"column":5}},"53":{"start":{"line":198,"column":6},"end":{"line":201,"column":9}},"54":{"start":{"line":205,"column":4},"end":{"line":209,"column":5}},"55":{"start":{"line":206,"column":6},"end":{"line":208,"column":9}},"56":{"start":{"line":213,"column":4},"end":{"line":213,"column":20}},"57":{"start":{"line":216,"column":4},"end":{"line":216,"column":11}}},"fnMap":{"0":{"name":"(anonymous_0)","decl":{"start":{"line":8,"column":24},"end":{"line":8,"column":25}},"loc":{"start":{"line":8,"column":44},"end":{"line":38,"column":1}},"line":8},"1":{"name":"(anonymous_1)","decl":{"start":{"line":10,"column":54},"end":{"line":10,"column":55}},"loc":{"start":{"line":10,"column":75},"end":{"line":37,"column":3}},"line":10},"2":{"name":"(anonymous_2)","decl":{"start":{"line":48,"column":4},"end":{"line":48,"column":5}},"loc":{"start":{"line":48,"column":42},"end":{"line":59,"column":5}},"line":48},"3":{"name":"(anonymous_3)","decl":{"start":{"line":63,"column":24},"end":{"line":63,"column":25}},"loc":{"start":{"line":63,"column":44},"end":{"line":93,"column":1}},"line":63},"4":{"name":"(anonymous_4)","decl":{"start":{"line":65,"column":54},"end":{"line":65,"column":55}},"loc":{"start":{"line":65,"column":75},"end":{"line":92,"column":3}},"line":65},"5":{"name":"(anonymous_5)","decl":{"start":{"line":103,"column":4},"end":{"line":103,"column":5}},"loc":{"start":{"line":103,"column":42},"end":{"line":129,"column":5}},"line":103},"6":{"name":"(anonymous_6)","decl":{"start":{"line":133,"column":23},"end":{"line":133,"column":24}},"loc":{"start":{"line":133,"column":43},"end":{"line":163,"column":1}},"line":133},"7":{"name":"(anonymous_7)","decl":{"start":{"line":135,"column":30},"end":{"line":135,"column":31}},"loc":{"start":{"line":135,"column":51},"end":{"line":162,"column":3}},"line":135},"8":{"name":"(anonymous_8)","decl":{"start":{"line":173,"column":4},"end":{"line":173,"column":5}},"loc":{"start":{"line":173,"column":27},"end":{"line":184,"column":5}},"line":173},"9":{"name":"(anonymous_9)","decl":{"start":{"line":188,"column":22},"end":{"line":188,"column":23}},"loc":{"start":{"line":188,"column":42},"end":{"line":218,"column":1}},"line":188},"10":{"name":"(anonymous_10)","decl":{"start":{"line":190,"column":29},"end":{"line":190,"column":30}},"loc":{"start":{"line":190,"column":50},"end":{"line":217,"column":3}},"line":190}},"branchMap":{"0":{"loc":{"start":{"line":17,"column":4},"end":{"line":22,"column":5}},"type":"if","locations":[{"start":{"line":17,"column":4},"end":{"line":22,"column":5}},{"start":{"line":17,"column":4},"end":{"line":22,"column":5}}],"line":17},"1":{"loc":{"start":{"line":25,"column":4},"end":{"line":29,"column":5}},"type":"if","locations":[{"start":{"line":25,"column":4},"end":{"line":29,"column":5}},{"start":{"line":25,"column":4},"end":{"line":29,"column":5}}],"line":25},"2":{"loc":{"start":{"line":72,"column":4},"end":{"line":77,"column":5}},"type":"if","locations":[{"start":{"line":72,"column":4},"end":{"line":77,"column":5}},{"start":{"line":72,"column":4},"end":{"line":77,"column":5}}],"line":72},"3":{"loc":{"start":{"line":80,"column":4},"end":{"line":84,"column":5}},"type":"if","locations":[{"start":{"line":80,"column":4},"end":{"line":84,"column":5}},{"start":{"line":80,"column":4},"end":{"line":84,"column":5}}],"line":80},"4":{"loc":{"start":{"line":107,"column":8},"end":{"line":111,"column":9}},"type":"if","locations":[{"start":{"line":107,"column":8},"end":{"line":111,"column":9}},{"start":{"line":107,"column":8},"end":{"line":111,"column":9}}],"line":107},"5":{"loc":{"start":{"line":115,"column":8},"end":{"line":119,"column":9}},"type":"if","locations":[{"start":{"line":115,"column":8},"end":{"line":119,"column":9}},{"start":{"line":115,"column":8},"end":{"line":119,"column":9}}],"line":115},"6":{"loc":{"start":{"line":142,"column":4},"end":{"line":147,"column":5}},"type":"if","locations":[{"start":{"line":142,"column":4},"end":{"line":147,"column":5}},{"start":{"line":142,"column":4},"end":{"line":147,"column":5}}],"line":142},"7":{"loc":{"start":{"line":150,"column":4},"end":{"line":154,"column":5}},"type":"if","locations":[{"start":{"line":150,"column":4},"end":{"line":154,"column":5}},{"start":{"line":150,"column":4},"end":{"line":154,"column":5}}],"line":150},"8":{"loc":{"start":{"line":178,"column":6},"end":{"line":180,"column":7}},"type":"if","locations":[{"start":{"line":178,"column":6},"end":{"line":180,"column":7}},{"start":{"line":178,"column":6},"end":{"line":180,"column":7}}],"line":178},"9":{"loc":{"start":{"line":197,"column":4},"end":{"line":202,"column":5}},"type":"if","locations":[{"start":{"line":197,"column":4},"end":{"line":202,"column":5}},{"start":{"line":197,"column":4},"end":{"line":202,"column":5}}],"line":197},"10":{"loc":{"start":{"line":205,"column":4},"end":{"line":209,"column":5}},"type":"if","locations":[{"start":{"line":205,"column":4},"end":{"line":209,"column":5}},{"start":{"line":205,"column":4},"end":{"line":209,"column":5}}],"line":205}},"s":{"0":1,"1":1,"2":1,"3":1,"4":1,"5":1,"6":1,"7":2,"8":2,"9":0,"10":2,"11":1,"12":1,"13":1,"14":1,"15":2,"16":2,"17":1,"18":1,"19":1,"20":1,"21":1,"22":0,"23":1,"24":0,"25":1,"26":1,"27":1,"28":1,"29":1,"30":1,"31":0,"32":1,"33":1,"34":0,"35":1,"36":0,"37":1,"38":4,"39":4,"40":0,"41":4,"42":0,"43":4,"44":4,"45":1,"46":4,"47":4,"48":4,"49":0,"50":1,"51":0,"52":0,"53":0,"54":0,"55":0,"56":0,"57":0},"f":{"0":2,"1":2,"2":2,"3":1,"4":1,"5":1,"6":4,"7":4,"8":4,"9":0,"10":0},"b":{"0":[0,2],"1":[1,1],"2":[0,1],"3":[0,1],"4":[0,1],"5":[0,1],"6":[0,4],"7":[0,4],"8":[4,0],"9":[0,0],"10":[0,0]},"_coverageSchema":"1a1c01bbd47fc00a2c39e90264f33305004495a9","hash":"9ca35c6619943190d50b4209d89958b9fed3e060"}
,"/home/abie/Documents/glintsxbinar/middlewares/validators/authValidator.js": {"path":"/home/abie/Documents/glintsxbinar/middlewares/validators/authValidator.js","statementMap":{"0":{"start":{"line":1,"column":18},"end":{"line":1,"column":38}},"1":{"start":{"line":3,"column":0},"end":{"line":25,"column":2}},"2":{"start":{"line":4,"column":15},"end":{"line":4,"column":17}},"3":{"start":{"line":6,"column":2},"end":{"line":8,"column":3}},"4":{"start":{"line":7,"column":4},"end":{"line":7,"column":44}},"5":{"start":{"line":9,"column":2},"end":{"line":11,"column":3}},"6":{"start":{"line":10,"column":4},"end":{"line":10,"column":149}},"7":{"start":{"line":13,"column":2},"end":{"line":15,"column":3}},"8":{"start":{"line":14,"column":4},"end":{"line":14,"column":71}},"9":{"start":{"line":17,"column":2},"end":{"line":22,"column":3}},"10":{"start":{"line":19,"column":4},"end":{"line":21,"column":7}},"11":{"start":{"line":24,"column":2},"end":{"line":24,"column":9}},"12":{"start":{"line":27,"column":0},"end":{"line":46,"column":2}},"13":{"start":{"line":28,"column":15},"end":{"line":28,"column":17}},"14":{"start":{"line":30,"column":2},"end":{"line":32,"column":3}},"15":{"start":{"line":31,"column":4},"end":{"line":31,"column":44}},"16":{"start":{"line":33,"column":2},"end":{"line":35,"column":3}},"17":{"start":{"line":34,"column":4},"end":{"line":34,"column":149}},"18":{"start":{"line":38,"column":2},"end":{"line":43,"column":3}},"19":{"start":{"line":40,"column":4},"end":{"line":42,"column":7}},"20":{"start":{"line":45,"column":2},"end":{"line":45,"column":9}}},"fnMap":{"0":{"name":"(anonymous_0)","decl":{"start":{"line":3,"column":24},"end":{"line":3,"column":25}},"loc":{"start":{"line":3,"column":50},"end":{"line":25,"column":1}},"line":3},"1":{"name":"(anonymous_1)","decl":{"start":{"line":27,"column":24},"end":{"line":27,"column":25}},"loc":{"start":{"line":27,"column":50},"end":{"line":46,"column":1}},"line":27}},"branchMap":{"0":{"loc":{"start":{"line":6,"column":2},"end":{"line":8,"column":3}},"type":"if","locations":[{"start":{"line":6,"column":2},"end":{"line":8,"column":3}},{"start":{"line":6,"column":2},"end":{"line":8,"column":3}}],"line":6},"1":{"loc":{"start":{"line":9,"column":2},"end":{"line":11,"column":3}},"type":"if","locations":[{"start":{"line":9,"column":2},"end":{"line":11,"column":3}},{"start":{"line":9,"column":2},"end":{"line":11,"column":3}}],"line":9},"2":{"loc":{"start":{"line":13,"column":2},"end":{"line":15,"column":3}},"type":"if","locations":[{"start":{"line":13,"column":2},"end":{"line":15,"column":3}},{"start":{"line":13,"column":2},"end":{"line":15,"column":3}}],"line":13},"3":{"loc":{"start":{"line":17,"column":2},"end":{"line":22,"column":3}},"type":"if","locations":[{"start":{"line":17,"column":2},"end":{"line":22,"column":3}},{"start":{"line":17,"column":2},"end":{"line":22,"column":3}}],"line":17},"4":{"loc":{"start":{"line":30,"column":2},"end":{"line":32,"column":3}},"type":"if","locations":[{"start":{"line":30,"column":2},"end":{"line":32,"column":3}},{"start":{"line":30,"column":2},"end":{"line":32,"column":3}}],"line":30},"5":{"loc":{"start":{"line":33,"column":2},"end":{"line":35,"column":3}},"type":"if","locations":[{"start":{"line":33,"column":2},"end":{"line":35,"column":3}},{"start":{"line":33,"column":2},"end":{"line":35,"column":3}}],"line":33},"6":{"loc":{"start":{"line":38,"column":2},"end":{"line":43,"column":3}},"type":"if","locations":[{"start":{"line":38,"column":2},"end":{"line":43,"column":3}},{"start":{"line":38,"column":2},"end":{"line":43,"column":3}}],"line":38}},"s":{"0":1,"1":1,"2":2,"3":2,"4":0,"5":2,"6":0,"7":2,"8":0,"9":2,"10":0,"11":2,"12":1,"13":1,"14":1,"15":0,"16":1,"17":0,"18":1,"19":0,"20":1},"f":{"0":2,"1":1},"b":{"0":[0,2],"1":[0,2],"2":[0,2],"3":[0,2],"4":[0,1],"5":[0,1],"6":[0,1]},"_coverageSchema":"1a1c01bbd47fc00a2c39e90264f33305004495a9","hash":"710736c3b865a935c24d18d935dd5107c1d57bf2"}
,"/home/abie/Documents/glintsxbinar/middlewares/validators/barangValidator.js": {"path":"/home/abie/Documents/glintsxbinar/middlewares/validators/barangValidator.js","statementMap":{"0":{"start":{"line":1,"column":17},"end":{"line":1,"column":36}},"1":{"start":{"line":2,"column":18},"end":{"line":2,"column":38}},"2":{"start":{"line":3,"column":50},"end":{"line":3,"column":73}},"3":{"start":{"line":5,"column":0},"end":{"line":48,"column":2}},"4":{"start":{"line":7,"column":15},"end":{"line":7,"column":17}},"5":{"start":{"line":10,"column":2},"end":{"line":14,"column":3}},"6":{"start":{"line":11,"column":4},"end":{"line":13,"column":6}},"7":{"start":{"line":17,"column":2},"end":{"line":21,"column":3}},"8":{"start":{"line":18,"column":4},"end":{"line":20,"column":7}},"9":{"start":{"line":24,"column":20},"end":{"line":24,"column":71}},"10":{"start":{"line":27,"column":2},"end":{"line":29,"column":3}},"11":{"start":{"line":28,"column":4},"end":{"line":28,"column":37}},"12":{"start":{"line":32,"column":2},"end":{"line":34,"column":3}},"13":{"start":{"line":33,"column":4},"end":{"line":33,"column":42}},"14":{"start":{"line":37,"column":2},"end":{"line":42,"column":3}},"15":{"start":{"line":39,"column":4},"end":{"line":41,"column":7}},"16":{"start":{"line":44,"column":2},"end":{"line":44,"column":41}},"17":{"start":{"line":47,"column":2},"end":{"line":47,"column":9}},"18":{"start":{"line":50,"column":0},"end":{"line":57,"column":4}},"19":{"start":{"line":51,"column":4},"end":{"line":55,"column":5}},"20":{"start":{"line":52,"column":6},"end":{"line":54,"column":9}},"21":{"start":{"line":56,"column":4},"end":{"line":56,"column":11}},"22":{"start":{"line":59,"column":2},"end":{"line":97,"column":4}},"23":{"start":{"line":60,"column":17},"end":{"line":60,"column":19}},"24":{"start":{"line":64,"column":4},"end":{"line":66,"column":5}},"25":{"start":{"line":65,"column":6},"end":{"line":65,"column":77}},"26":{"start":{"line":75,"column":4},"end":{"line":79,"column":5}},"27":{"start":{"line":76,"column":6},"end":{"line":78,"column":9}},"28":{"start":{"line":82,"column":19},"end":{"line":84,"column":6}},"29":{"start":{"line":87,"column":4},"end":{"line":89,"column":5}},"30":{"start":{"line":88,"column":6},"end":{"line":88,"column":39}},"31":{"start":{"line":92,"column":4},"end":{"line":94,"column":5}},"32":{"start":{"line":93,"column":6},"end":{"line":93,"column":44}},"33":{"start":{"line":96,"column":4},"end":{"line":96,"column":11}},"34":{"start":{"line":99,"column":2},"end":{"line":130,"column":4}},"35":{"start":{"line":100,"column":17},"end":{"line":100,"column":19}},"36":{"start":{"line":103,"column":4},"end":{"line":105,"column":5}},"37":{"start":{"line":104,"column":6},"end":{"line":104,"column":77}},"38":{"start":{"line":108,"column":4},"end":{"line":112,"column":5}},"39":{"start":{"line":109,"column":6},"end":{"line":111,"column":9}},"40":{"start":{"line":115,"column":15},"end":{"line":115,"column":59}},"41":{"start":{"line":118,"column":4},"end":{"line":120,"column":5}},"42":{"start":{"line":119,"column":6},"end":{"line":119,"column":38}},"43":{"start":{"line":123,"column":4},"end":{"line":127,"column":5}},"44":{"start":{"line":124,"column":6},"end":{"line":126,"column":9}},"45":{"start":{"line":129,"column":4},"end":{"line":129,"column":11}}},"fnMap":{"0":{"name":"(anonymous_0)","decl":{"start":{"line":5,"column":17},"end":{"line":5,"column":18}},"loc":{"start":{"line":5,"column":43},"end":{"line":48,"column":1}},"line":5},"1":{"name":"(anonymous_1)","decl":{"start":{"line":50,"column":17},"end":{"line":50,"column":18}},"loc":{"start":{"line":50,"column":37},"end":{"line":57,"column":3}},"line":50},"2":{"name":"(anonymous_2)","decl":{"start":{"line":59,"column":19},"end":{"line":59,"column":20}},"loc":{"start":{"line":59,"column":45},"end":{"line":97,"column":3}},"line":59},"3":{"name":"(anonymous_3)","decl":{"start":{"line":99,"column":19},"end":{"line":99,"column":20}},"loc":{"start":{"line":99,"column":45},"end":{"line":130,"column":3}},"line":99}},"branchMap":{"0":{"loc":{"start":{"line":10,"column":2},"end":{"line":14,"column":3}},"type":"if","locations":[{"start":{"line":10,"column":2},"end":{"line":14,"column":3}},{"start":{"line":10,"column":2},"end":{"line":14,"column":3}}],"line":10},"1":{"loc":{"start":{"line":17,"column":2},"end":{"line":21,"column":3}},"type":"if","locations":[{"start":{"line":17,"column":2},"end":{"line":21,"column":3}},{"start":{"line":17,"column":2},"end":{"line":21,"column":3}}],"line":17},"2":{"loc":{"start":{"line":27,"column":2},"end":{"line":29,"column":3}},"type":"if","locations":[{"start":{"line":27,"column":2},"end":{"line":29,"column":3}},{"start":{"line":27,"column":2},"end":{"line":29,"column":3}}],"line":27},"3":{"loc":{"start":{"line":32,"column":2},"end":{"line":34,"column":3}},"type":"if","locations":[{"start":{"line":32,"column":2},"end":{"line":34,"column":3}},{"start":{"line":32,"column":2},"end":{"line":34,"column":3}}],"line":32},"4":{"loc":{"start":{"line":37,"column":2},"end":{"line":42,"column":3}},"type":"if","locations":[{"start":{"line":37,"column":2},"end":{"line":42,"column":3}},{"start":{"line":37,"column":2},"end":{"line":42,"column":3}}],"line":37},"5":{"loc":{"start":{"line":51,"column":4},"end":{"line":55,"column":5}},"type":"if","locations":[{"start":{"line":51,"column":4},"end":{"line":55,"column":5}},{"start":{"line":51,"column":4},"end":{"line":55,"column":5}}],"line":51},"6":{"loc":{"start":{"line":64,"column":4},"end":{"line":66,"column":5}},"type":"if","locations":[{"start":{"line":64,"column":4},"end":{"line":66,"column":5}},{"start":{"line":64,"column":4},"end":{"line":66,"column":5}}],"line":64},"7":{"loc":{"start":{"line":75,"column":4},"end":{"line":79,"column":5}},"type":"if","locations":[{"start":{"line":75,"column":4},"end":{"line":79,"column":5}},{"start":{"line":75,"column":4},"end":{"line":79,"column":5}}],"line":75},"8":{"loc":{"start":{"line":87,"column":4},"end":{"line":89,"column":5}},"type":"if","locations":[{"start":{"line":87,"column":4},"end":{"line":89,"column":5}},{"start":{"line":87,"column":4},"end":{"line":89,"column":5}}],"line":87},"9":{"loc":{"start":{"line":92,"column":4},"end":{"line":94,"column":5}},"type":"if","locations":[{"start":{"line":92,"column":4},"end":{"line":94,"column":5}},{"start":{"line":92,"column":4},"end":{"line":94,"column":5}}],"line":92},"10":{"loc":{"start":{"line":103,"column":4},"end":{"line":105,"column":5}},"type":"if","locations":[{"start":{"line":103,"column":4},"end":{"line":105,"column":5}},{"start":{"line":103,"column":4},"end":{"line":105,"column":5}}],"line":103},"11":{"loc":{"start":{"line":108,"column":4},"end":{"line":112,"column":5}},"type":"if","locations":[{"start":{"line":108,"column":4},"end":{"line":112,"column":5}},{"start":{"line":108,"column":4},"end":{"line":112,"column":5}}],"line":108},"12":{"loc":{"start":{"line":118,"column":4},"end":{"line":120,"column":5}},"type":"if","locations":[{"start":{"line":118,"column":4},"end":{"line":120,"column":5}},{"start":{"line":118,"column":4},"end":{"line":120,"column":5}}],"line":118},"13":{"loc":{"start":{"line":123,"column":4},"end":{"line":127,"column":5}},"type":"if","locations":[{"start":{"line":123,"column":4},"end":{"line":127,"column":5}},{"start":{"line":123,"column":4},"end":{"line":127,"column":5}}],"line":123}},"s":{"0":1,"1":1,"2":1,"3":1,"4":0,"5":0,"6":0,"7":0,"8":0,"9":0,"10":0,"11":0,"12":0,"13":0,"14":0,"15":0,"16":0,"17":0,"18":1,"19":0,"20":0,"21":0,"22":1,"23":0,"24":0,"25":0,"26":0,"27":0,"28":0,"29":0,"30":0,"31":0,"32":0,"33":0,"34":1,"35":0,"36":0,"37":0,"38":0,"39":0,"40":0,"41":0,"42":0,"43":0,"44":0,"45":0},"f":{"0":0,"1":0,"2":0,"3":0},"b":{"0":[0,0],"1":[0,0],"2":[0,0],"3":[0,0],"4":[0,0],"5":[0,0],"6":[0,0],"7":[0,0],"8":[0,0],"9":[0,0],"10":[0,0],"11":[0,0],"12":[0,0],"13":[0,0]},"_coverageSchema":"1a1c01bbd47fc00a2c39e90264f33305004495a9","hash":"9ac12142a5a8d88e330e9546bdeebebabf081552"}
,"/home/abie/Documents/glintsxbinar/middlewares/validators/pelangganValidator.js": {"path":"/home/abie/Documents/glintsxbinar/middlewares/validators/pelangganValidator.js","statementMap":{"0":{"start":{"line":1,"column":17},"end":{"line":1,"column":36}},"1":{"start":{"line":2,"column":18},"end":{"line":2,"column":38}},"2":{"start":{"line":3,"column":20},"end":{"line":3,"column":43}},"3":{"start":{"line":5,"column":0},"end":{"line":14,"column":2}},"4":{"start":{"line":7,"column":2},"end":{"line":11,"column":3}},"5":{"start":{"line":8,"column":4},"end":{"line":10,"column":7}},"6":{"start":{"line":13,"column":2},"end":{"line":13,"column":9}},"7":{"start":{"line":17,"column":0},"end":{"line":42,"column":2}},"8":{"start":{"line":19,"column":15},"end":{"line":19,"column":17}},"9":{"start":{"line":21,"column":2},"end":{"line":23,"column":3}},"10":{"start":{"line":22,"column":4},"end":{"line":22,"column":45}},"11":{"start":{"line":25,"column":2},"end":{"line":27,"column":3}},"12":{"start":{"line":26,"column":4},"end":{"line":26,"column":44}},"13":{"start":{"line":29,"column":2},"end":{"line":31,"column":3}},"14":{"start":{"line":30,"column":4},"end":{"line":30,"column":51}},"15":{"start":{"line":34,"column":2},"end":{"line":39,"column":3}},"16":{"start":{"line":36,"column":4},"end":{"line":38,"column":7}},"17":{"start":{"line":41,"column":2},"end":{"line":41,"column":9}},"18":{"start":{"line":44,"column":0},"end":{"line":70,"column":2}},"19":{"start":{"line":45,"column":15},"end":{"line":45,"column":17}},"20":{"start":{"line":48,"column":2},"end":{"line":52,"column":3}},"21":{"start":{"line":49,"column":4},"end":{"line":51,"column":6}},"22":{"start":{"line":55,"column":17},"end":{"line":55,"column":65}},"23":{"start":{"line":58,"column":2},"end":{"line":60,"column":3}},"24":{"start":{"line":59,"column":4},"end":{"line":59,"column":39}},"25":{"start":{"line":63,"column":2},"end":{"line":67,"column":3}},"26":{"start":{"line":64,"column":4},"end":{"line":66,"column":7}},"27":{"start":{"line":69,"column":2},"end":{"line":69,"column":9}},"28":{"start":{"line":72,"column":0},"end":{"line":106,"column":2}},"29":{"start":{"line":73,"column":15},"end":{"line":73,"column":17}},"30":{"start":{"line":76,"column":2},"end":{"line":80,"column":3}},"31":{"start":{"line":77,"column":4},"end":{"line":79,"column":6}},"32":{"start":{"line":83,"column":2},"end":{"line":87,"column":3}},"33":{"start":{"line":84,"column":4},"end":{"line":86,"column":7}},"34":{"start":{"line":90,"column":13},"end":{"line":90,"column":60}},"35":{"start":{"line":93,"column":2},"end":{"line":95,"column":3}},"36":{"start":{"line":94,"column":4},"end":{"line":94,"column":39}},"37":{"start":{"line":98,"column":2},"end":{"line":102,"column":3}},"38":{"start":{"line":99,"column":4},"end":{"line":101,"column":7}},"39":{"start":{"line":105,"column":2},"end":{"line":105,"column":9}}},"fnMap":{"0":{"name":"(anonymous_0)","decl":{"start":{"line":5,"column":24},"end":{"line":5,"column":25}},"loc":{"start":{"line":5,"column":44},"end":{"line":14,"column":1}},"line":5},"1":{"name":"(anonymous_1)","decl":{"start":{"line":17,"column":24},"end":{"line":17,"column":25}},"loc":{"start":{"line":17,"column":50},"end":{"line":42,"column":1}},"line":17},"2":{"name":"(anonymous_2)","decl":{"start":{"line":44,"column":24},"end":{"line":44,"column":25}},"loc":{"start":{"line":44,"column":50},"end":{"line":70,"column":1}},"line":44},"3":{"name":"(anonymous_3)","decl":{"start":{"line":72,"column":24},"end":{"line":72,"column":25}},"loc":{"start":{"line":72,"column":50},"end":{"line":106,"column":1}},"line":72}},"branchMap":{"0":{"loc":{"start":{"line":7,"column":2},"end":{"line":11,"column":3}},"type":"if","locations":[{"start":{"line":7,"column":2},"end":{"line":11,"column":3}},{"start":{"line":7,"column":2},"end":{"line":11,"column":3}}],"line":7},"1":{"loc":{"start":{"line":21,"column":2},"end":{"line":23,"column":3}},"type":"if","locations":[{"start":{"line":21,"column":2},"end":{"line":23,"column":3}},{"start":{"line":21,"column":2},"end":{"line":23,"column":3}}],"line":21},"2":{"loc":{"start":{"line":25,"column":2},"end":{"line":27,"column":3}},"type":"if","locations":[{"start":{"line":25,"column":2},"end":{"line":27,"column":3}},{"start":{"line":25,"column":2},"end":{"line":27,"column":3}}],"line":25},"3":{"loc":{"start":{"line":29,"column":2},"end":{"line":31,"column":3}},"type":"if","locations":[{"start":{"line":29,"column":2},"end":{"line":31,"column":3}},{"start":{"line":29,"column":2},"end":{"line":31,"column":3}}],"line":29},"4":{"loc":{"start":{"line":34,"column":2},"end":{"line":39,"column":3}},"type":"if","locations":[{"start":{"line":34,"column":2},"end":{"line":39,"column":3}},{"start":{"line":34,"column":2},"end":{"line":39,"column":3}}],"line":34},"5":{"loc":{"start":{"line":48,"column":2},"end":{"line":52,"column":3}},"type":"if","locations":[{"start":{"line":48,"column":2},"end":{"line":52,"column":3}},{"start":{"line":48,"column":2},"end":{"line":52,"column":3}}],"line":48},"6":{"loc":{"start":{"line":58,"column":2},"end":{"line":60,"column":3}},"type":"if","locations":[{"start":{"line":58,"column":2},"end":{"line":60,"column":3}},{"start":{"line":58,"column":2},"end":{"line":60,"column":3}}],"line":58},"7":{"loc":{"start":{"line":63,"column":2},"end":{"line":67,"column":3}},"type":"if","locations":[{"start":{"line":63,"column":2},"end":{"line":67,"column":3}},{"start":{"line":63,"column":2},"end":{"line":67,"column":3}}],"line":63},"8":{"loc":{"start":{"line":76,"column":2},"end":{"line":80,"column":3}},"type":"if","locations":[{"start":{"line":76,"column":2},"end":{"line":80,"column":3}},{"start":{"line":76,"column":2},"end":{"line":80,"column":3}}],"line":76},"9":{"loc":{"start":{"line":83,"column":2},"end":{"line":87,"column":3}},"type":"if","locations":[{"start":{"line":83,"column":2},"end":{"line":87,"column":3}},{"start":{"line":83,"column":2},"end":{"line":87,"column":3}}],"line":83},"10":{"loc":{"start":{"line":93,"column":2},"end":{"line":95,"column":3}},"type":"if","locations":[{"start":{"line":93,"column":2},"end":{"line":95,"column":3}},{"start":{"line":93,"column":2},"end":{"line":95,"column":3}}],"line":93},"11":{"loc":{"start":{"line":98,"column":2},"end":{"line":102,"column":3}},"type":"if","locations":[{"start":{"line":98,"column":2},"end":{"line":102,"column":3}},{"start":{"line":98,"column":2},"end":{"line":102,"column":3}}],"line":98}},"s":{"0":1,"1":1,"2":1,"3":1,"4":1,"5":0,"6":1,"7":1,"8":1,"9":1,"10":0,"11":1,"12":0,"13":1,"14":0,"15":1,"16":0,"17":1,"18":1,"19":1,"20":1,"21":0,"22":1,"23":1,"24":0,"25":1,"26":0,"27":1,"28":1,"29":0,"30":0,"31":0,"32":0,"33":0,"34":0,"35":0,"36":0,"37":0,"38":0,"39":0},"f":{"0":1,"1":1,"2":1,"3":0},"b":{"0":[0,1],"1":[0,1],"2":[0,1],"3":[0,1],"4":[0,1],"5":[0,1],"6":[0,1],"7":[0,1],"8":[0,0],"9":[0,0],"10":[0,0],"11":[0,0]},"_coverageSchema":"1a1c01bbd47fc00a2c39e90264f33305004495a9","hash":"470f8a5dbcfb46126f80c5387ae951345d0e39e9"}
,"/home/abie/Documents/glintsxbinar/middlewares/validators/pemasokValidator.js": {"path":"/home/abie/Documents/glintsxbinar/middlewares/validators/pemasokValidator.js","statementMap":{"0":{"start":{"line":1,"column":17},"end":{"line":1,"column":36}},"1":{"start":{"line":2,"column":18},"end":{"line":2,"column":38}},"2":{"start":{"line":3,"column":20},"end":{"line":3,"column":49}},"3":{"start":{"line":5,"column":0},"end":{"line":14,"column":2}},"4":{"start":{"line":7,"column":2},"end":{"line":11,"column":3}},"5":{"start":{"line":8,"column":4},"end":{"line":10,"column":7}},"6":{"start":{"line":13,"column":2},"end":{"line":13,"column":9}},"7":{"start":{"line":16,"column":0},"end":{"line":33,"column":2}},"8":{"start":{"line":17,"column":2},"end":{"line":32,"column":3}},"9":{"start":{"line":18,"column":4},"end":{"line":25,"column":5}},"10":{"start":{"line":19,"column":6},"end":{"line":21,"column":9}},"11":{"start":{"line":24,"column":6},"end":{"line":24,"column":13}},"12":{"start":{"line":27,"column":4},"end":{"line":27,"column":19}},"13":{"start":{"line":28,"column":4},"end":{"line":31,"column":7}},"14":{"start":{"line":35,"column":0},"end":{"line":71,"column":2}},"15":{"start":{"line":36,"column":2},"end":{"line":70,"column":3}},"16":{"start":{"line":37,"column":22},"end":{"line":39,"column":6}},"17":{"start":{"line":41,"column":17},"end":{"line":41,"column":19}},"18":{"start":{"line":43,"column":4},"end":{"line":47,"column":5}},"19":{"start":{"line":44,"column":6},"end":{"line":46,"column":8}},"20":{"start":{"line":49,"column":4},"end":{"line":51,"column":5}},"21":{"start":{"line":50,"column":6},"end":{"line":50,"column":40}},"22":{"start":{"line":53,"column":4},"end":{"line":55,"column":5}},"23":{"start":{"line":54,"column":6},"end":{"line":54,"column":45}},"24":{"start":{"line":57,"column":4},"end":{"line":62,"column":5}},"25":{"start":{"line":59,"column":6},"end":{"line":61,"column":9}},"26":{"start":{"line":64,"column":4},"end":{"line":64,"column":11}},"27":{"start":{"line":66,"column":4},"end":{"line":69,"column":7}},"28":{"start":{"line":73,"column":0},"end":{"line":107,"column":2}},"29":{"start":{"line":74,"column":15},"end":{"line":74,"column":17}},"30":{"start":{"line":77,"column":2},"end":{"line":81,"column":3}},"31":{"start":{"line":78,"column":4},"end":{"line":80,"column":6}},"32":{"start":{"line":84,"column":2},"end":{"line":88,"column":3}},"33":{"start":{"line":85,"column":4},"end":{"line":87,"column":7}},"34":{"start":{"line":91,"column":13},"end":{"line":91,"column":58}},"35":{"start":{"line":94,"column":2},"end":{"line":96,"column":3}},"36":{"start":{"line":95,"column":4},"end":{"line":95,"column":37}},"37":{"start":{"line":99,"column":2},"end":{"line":103,"column":3}},"38":{"start":{"line":100,"column":4},"end":{"line":102,"column":7}},"39":{"start":{"line":106,"column":2},"end":{"line":106,"column":9}}},"fnMap":{"0":{"name":"(anonymous_0)","decl":{"start":{"line":5,"column":17},"end":{"line":5,"column":18}},"loc":{"start":{"line":5,"column":37},"end":{"line":14,"column":1}},"line":5},"1":{"name":"(anonymous_1)","decl":{"start":{"line":16,"column":17},"end":{"line":16,"column":18}},"loc":{"start":{"line":16,"column":43},"end":{"line":33,"column":1}},"line":16},"2":{"name":"(anonymous_2)","decl":{"start":{"line":35,"column":24},"end":{"line":35,"column":25}},"loc":{"start":{"line":35,"column":50},"end":{"line":71,"column":1}},"line":35},"3":{"name":"(anonymous_3)","decl":{"start":{"line":73,"column":17},"end":{"line":73,"column":18}},"loc":{"start":{"line":73,"column":43},"end":{"line":107,"column":1}},"line":73}},"branchMap":{"0":{"loc":{"start":{"line":7,"column":2},"end":{"line":11,"column":3}},"type":"if","locations":[{"start":{"line":7,"column":2},"end":{"line":11,"column":3}},{"start":{"line":7,"column":2},"end":{"line":11,"column":3}}],"line":7},"1":{"loc":{"start":{"line":18,"column":4},"end":{"line":25,"column":5}},"type":"if","locations":[{"start":{"line":18,"column":4},"end":{"line":25,"column":5}},{"start":{"line":18,"column":4},"end":{"line":25,"column":5}}],"line":18},"2":{"loc":{"start":{"line":43,"column":4},"end":{"line":47,"column":5}},"type":"if","locations":[{"start":{"line":43,"column":4},"end":{"line":47,"column":5}},{"start":{"line":43,"column":4},"end":{"line":47,"column":5}}],"line":43},"3":{"loc":{"start":{"line":49,"column":4},"end":{"line":51,"column":5}},"type":"if","locations":[{"start":{"line":49,"column":4},"end":{"line":51,"column":5}},{"start":{"line":49,"column":4},"end":{"line":51,"column":5}}],"line":49},"4":{"loc":{"start":{"line":53,"column":4},"end":{"line":55,"column":5}},"type":"if","locations":[{"start":{"line":53,"column":4},"end":{"line":55,"column":5}},{"start":{"line":53,"column":4},"end":{"line":55,"column":5}}],"line":53},"5":{"loc":{"start":{"line":57,"column":4},"end":{"line":62,"column":5}},"type":"if","locations":[{"start":{"line":57,"column":4},"end":{"line":62,"column":5}},{"start":{"line":57,"column":4},"end":{"line":62,"column":5}}],"line":57},"6":{"loc":{"start":{"line":77,"column":2},"end":{"line":81,"column":3}},"type":"if","locations":[{"start":{"line":77,"column":2},"end":{"line":81,"column":3}},{"start":{"line":77,"column":2},"end":{"line":81,"column":3}}],"line":77},"7":{"loc":{"start":{"line":84,"column":2},"end":{"line":88,"column":3}},"type":"if","locations":[{"start":{"line":84,"column":2},"end":{"line":88,"column":3}},{"start":{"line":84,"column":2},"end":{"line":88,"column":3}}],"line":84},"8":{"loc":{"start":{"line":94,"column":2},"end":{"line":96,"column":3}},"type":"if","locations":[{"start":{"line":94,"column":2},"end":{"line":96,"column":3}},{"start":{"line":94,"column":2},"end":{"line":96,"column":3}}],"line":94},"9":{"loc":{"start":{"line":99,"column":2},"end":{"line":103,"column":3}},"type":"if","locations":[{"start":{"line":99,"column":2},"end":{"line":103,"column":3}},{"start":{"line":99,"column":2},"end":{"line":103,"column":3}}],"line":99}},"s":{"0":1,"1":1,"2":1,"3":1,"4":0,"5":0,"6":0,"7":1,"8":0,"9":0,"10":0,"11":0,"12":0,"13":0,"14":1,"15":0,"16":0,"17":0,"18":0,"19":0,"20":0,"21":0,"22":0,"23":0,"24":0,"25":0,"26":0,"27":0,"28":1,"29":0,"30":0,"31":0,"32":0,"33":0,"34":0,"35":0,"36":0,"37":0,"38":0,"39":0},"f":{"0":0,"1":0,"2":0,"3":0},"b":{"0":[0,0],"1":[0,0],"2":[0,0],"3":[0,0],"4":[0,0],"5":[0,0],"6":[0,0],"7":[0,0],"8":[0,0],"9":[0,0]},"_coverageSchema":"1a1c01bbd47fc00a2c39e90264f33305004495a9","hash":"84ff4bd2f35ed0dac95b2ca6857bdc7f0e4d01c7"}
,"/home/abie/Documents/glintsxbinar/middlewares/validators/transaksiValidator.js": {"path":"/home/abie/Documents/glintsxbinar/middlewares/validators/transaksiValidator.js","statementMap":{"0":{"start":{"line":1,"column":17},"end":{"line":1,"column":36}},"1":{"start":{"line":2,"column":18},"end":{"line":2,"column":38}},"2":{"start":{"line":3,"column":50},"end":{"line":3,"column":73}},"3":{"start":{"line":5,"column":0},"end":{"line":14,"column":2}},"4":{"start":{"line":7,"column":2},"end":{"line":11,"column":3}},"5":{"start":{"line":8,"column":4},"end":{"line":10,"column":7}},"6":{"start":{"line":13,"column":2},"end":{"line":13,"column":9}},"7":{"start":{"line":16,"column":0},"end":{"line":75,"column":2}},"8":{"start":{"line":17,"column":15},"end":{"line":17,"column":17}},"9":{"start":{"line":20,"column":2},"end":{"line":24,"column":3}},"10":{"start":{"line":21,"column":4},"end":{"line":23,"column":6}},"11":{"start":{"line":27,"column":2},"end":{"line":31,"column":3}},"12":{"start":{"line":28,"column":4},"end":{"line":30,"column":6}},"13":{"start":{"line":34,"column":2},"end":{"line":38,"column":3}},"14":{"start":{"line":35,"column":4},"end":{"line":37,"column":7}},"15":{"start":{"line":41,"column":17},"end":{"line":44,"column":4}},"16":{"start":{"line":47,"column":2},"end":{"line":49,"column":3}},"17":{"start":{"line":48,"column":4},"end":{"line":48,"column":36}},"18":{"start":{"line":52,"column":2},"end":{"line":54,"column":3}},"19":{"start":{"line":53,"column":4},"end":{"line":53,"column":39}},"20":{"start":{"line":57,"column":2},"end":{"line":59,"column":3}},"21":{"start":{"line":58,"column":4},"end":{"line":58,"column":43}},"22":{"start":{"line":62,"column":2},"end":{"line":66,"column":3}},"23":{"start":{"line":63,"column":4},"end":{"line":65,"column":7}},"24":{"start":{"line":69,"column":2},"end":{"line":69,"column":32}},"25":{"start":{"line":70,"column":2},"end":{"line":70,"column":35}},"26":{"start":{"line":71,"column":2},"end":{"line":71,"column":61}},"27":{"start":{"line":74,"column":2},"end":{"line":74,"column":9}},"28":{"start":{"line":77,"column":0},"end":{"line":149,"column":2}},"29":{"start":{"line":78,"column":15},"end":{"line":78,"column":17}},"30":{"start":{"line":81,"column":2},"end":{"line":85,"column":3}},"31":{"start":{"line":82,"column":4},"end":{"line":84,"column":6}},"32":{"start":{"line":88,"column":2},"end":{"line":92,"column":3}},"33":{"start":{"line":89,"column":4},"end":{"line":91,"column":6}},"34":{"start":{"line":95,"column":2},"end":{"line":99,"column":3}},"35":{"start":{"line":96,"column":4},"end":{"line":98,"column":6}},"36":{"start":{"line":102,"column":2},"end":{"line":106,"column":3}},"37":{"start":{"line":103,"column":4},"end":{"line":105,"column":7}},"38":{"start":{"line":109,"column":17},"end":{"line":113,"column":4}},"39":{"start":{"line":116,"column":2},"end":{"line":118,"column":3}},"40":{"start":{"line":117,"column":4},"end":{"line":117,"column":36}},"41":{"start":{"line":121,"column":2},"end":{"line":123,"column":3}},"42":{"start":{"line":122,"column":4},"end":{"line":122,"column":39}},"43":{"start":{"line":126,"column":2},"end":{"line":128,"column":3}},"44":{"start":{"line":127,"column":4},"end":{"line":127,"column":39}},"45":{"start":{"line":131,"column":2},"end":{"line":133,"column":3}},"46":{"start":{"line":132,"column":4},"end":{"line":132,"column":43}},"47":{"start":{"line":136,"column":2},"end":{"line":140,"column":3}},"48":{"start":{"line":137,"column":4},"end":{"line":139,"column":7}},"49":{"start":{"line":143,"column":2},"end":{"line":143,"column":32}},"50":{"start":{"line":144,"column":2},"end":{"line":144,"column":35}},"51":{"start":{"line":145,"column":2},"end":{"line":145,"column":61}},"52":{"start":{"line":148,"column":2},"end":{"line":148,"column":9}},"53":{"start":{"line":151,"column":0},"end":{"line":185,"column":2}},"54":{"start":{"line":152,"column":15},"end":{"line":152,"column":17}},"55":{"start":{"line":155,"column":2},"end":{"line":159,"column":3}},"56":{"start":{"line":156,"column":4},"end":{"line":158,"column":6}},"57":{"start":{"line":162,"column":2},"end":{"line":166,"column":3}},"58":{"start":{"line":163,"column":4},"end":{"line":165,"column":7}},"59":{"start":{"line":169,"column":13},"end":{"line":169,"column":60}},"60":{"start":{"line":172,"column":2},"end":{"line":174,"column":3}},"61":{"start":{"line":173,"column":4},"end":{"line":173,"column":39}},"62":{"start":{"line":177,"column":2},"end":{"line":181,"column":3}},"63":{"start":{"line":178,"column":4},"end":{"line":180,"column":7}},"64":{"start":{"line":184,"column":2},"end":{"line":184,"column":9}}},"fnMap":{"0":{"name":"(anonymous_0)","decl":{"start":{"line":5,"column":17},"end":{"line":5,"column":18}},"loc":{"start":{"line":5,"column":37},"end":{"line":14,"column":1}},"line":5},"1":{"name":"(anonymous_1)","decl":{"start":{"line":16,"column":17},"end":{"line":16,"column":18}},"loc":{"start":{"line":16,"column":43},"end":{"line":75,"column":1}},"line":16},"2":{"name":"(anonymous_2)","decl":{"start":{"line":77,"column":17},"end":{"line":77,"column":18}},"loc":{"start":{"line":77,"column":43},"end":{"line":149,"column":1}},"line":77},"3":{"name":"(anonymous_3)","decl":{"start":{"line":151,"column":17},"end":{"line":151,"column":18}},"loc":{"start":{"line":151,"column":43},"end":{"line":185,"column":1}},"line":151}},"branchMap":{"0":{"loc":{"start":{"line":7,"column":2},"end":{"line":11,"column":3}},"type":"if","locations":[{"start":{"line":7,"column":2},"end":{"line":11,"column":3}},{"start":{"line":7,"column":2},"end":{"line":11,"column":3}}],"line":7},"1":{"loc":{"start":{"line":20,"column":2},"end":{"line":24,"column":3}},"type":"if","locations":[{"start":{"line":20,"column":2},"end":{"line":24,"column":3}},{"start":{"line":20,"column":2},"end":{"line":24,"column":3}}],"line":20},"2":{"loc":{"start":{"line":27,"column":2},"end":{"line":31,"column":3}},"type":"if","locations":[{"start":{"line":27,"column":2},"end":{"line":31,"column":3}},{"start":{"line":27,"column":2},"end":{"line":31,"column":3}}],"line":27},"3":{"loc":{"start":{"line":34,"column":2},"end":{"line":38,"column":3}},"type":"if","locations":[{"start":{"line":34,"column":2},"end":{"line":38,"column":3}},{"start":{"line":34,"column":2},"end":{"line":38,"column":3}}],"line":34},"4":{"loc":{"start":{"line":47,"column":2},"end":{"line":49,"column":3}},"type":"if","locations":[{"start":{"line":47,"column":2},"end":{"line":49,"column":3}},{"start":{"line":47,"column":2},"end":{"line":49,"column":3}}],"line":47},"5":{"loc":{"start":{"line":52,"column":2},"end":{"line":54,"column":3}},"type":"if","locations":[{"start":{"line":52,"column":2},"end":{"line":54,"column":3}},{"start":{"line":52,"column":2},"end":{"line":54,"column":3}}],"line":52},"6":{"loc":{"start":{"line":57,"column":2},"end":{"line":59,"column":3}},"type":"if","locations":[{"start":{"line":57,"column":2},"end":{"line":59,"column":3}},{"start":{"line":57,"column":2},"end":{"line":59,"column":3}}],"line":57},"7":{"loc":{"start":{"line":62,"column":2},"end":{"line":66,"column":3}},"type":"if","locations":[{"start":{"line":62,"column":2},"end":{"line":66,"column":3}},{"start":{"line":62,"column":2},"end":{"line":66,"column":3}}],"line":62},"8":{"loc":{"start":{"line":81,"column":2},"end":{"line":85,"column":3}},"type":"if","locations":[{"start":{"line":81,"column":2},"end":{"line":85,"column":3}},{"start":{"line":81,"column":2},"end":{"line":85,"column":3}}],"line":81},"9":{"loc":{"start":{"line":88,"column":2},"end":{"line":92,"column":3}},"type":"if","locations":[{"start":{"line":88,"column":2},"end":{"line":92,"column":3}},{"start":{"line":88,"column":2},"end":{"line":92,"column":3}}],"line":88},"10":{"loc":{"start":{"line":95,"column":2},"end":{"line":99,"column":3}},"type":"if","locations":[{"start":{"line":95,"column":2},"end":{"line":99,"column":3}},{"start":{"line":95,"column":2},"end":{"line":99,"column":3}}],"line":95},"11":{"loc":{"start":{"line":102,"column":2},"end":{"line":106,"column":3}},"type":"if","locations":[{"start":{"line":102,"column":2},"end":{"line":106,"column":3}},{"start":{"line":102,"column":2},"end":{"line":106,"column":3}}],"line":102},"12":{"loc":{"start":{"line":116,"column":2},"end":{"line":118,"column":3}},"type":"if","locations":[{"start":{"line":116,"column":2},"end":{"line":118,"column":3}},{"start":{"line":116,"column":2},"end":{"line":118,"column":3}}],"line":116},"13":{"loc":{"start":{"line":121,"column":2},"end":{"line":123,"column":3}},"type":"if","locations":[{"start":{"line":121,"column":2},"end":{"line":123,"column":3}},{"start":{"line":121,"column":2},"end":{"line":123,"column":3}}],"line":121},"14":{"loc":{"start":{"line":126,"column":2},"end":{"line":128,"column":3}},"type":"if","locations":[{"start":{"line":126,"column":2},"end":{"line":128,"column":3}},{"start":{"line":126,"column":2},"end":{"line":128,"column":3}}],"line":126},"15":{"loc":{"start":{"line":131,"column":2},"end":{"line":133,"column":3}},"type":"if","locations":[{"start":{"line":131,"column":2},"end":{"line":133,"column":3}},{"start":{"line":131,"column":2},"end":{"line":133,"column":3}}],"line":131},"16":{"loc":{"start":{"line":136,"column":2},"end":{"line":140,"column":3}},"type":"if","locations":[{"start":{"line":136,"column":2},"end":{"line":140,"column":3}},{"start":{"line":136,"column":2},"end":{"line":140,"column":3}}],"line":136},"17":{"loc":{"start":{"line":155,"column":2},"end":{"line":159,"column":3}},"type":"if","locations":[{"start":{"line":155,"column":2},"end":{"line":159,"column":3}},{"start":{"line":155,"column":2},"end":{"line":159,"column":3}}],"line":155},"18":{"loc":{"start":{"line":162,"column":2},"end":{"line":166,"column":3}},"type":"if","locations":[{"start":{"line":162,"column":2},"end":{"line":166,"column":3}},{"start":{"line":162,"column":2},"end":{"line":166,"column":3}}],"line":162},"19":{"loc":{"start":{"line":172,"column":2},"end":{"line":174,"column":3}},"type":"if","locations":[{"start":{"line":172,"column":2},"end":{"line":174,"column":3}},{"start":{"line":172,"column":2},"end":{"line":174,"column":3}}],"line":172},"20":{"loc":{"start":{"line":177,"column":2},"end":{"line":181,"column":3}},"type":"if","locations":[{"start":{"line":177,"column":2},"end":{"line":181,"column":3}},{"start":{"line":177,"column":2},"end":{"line":181,"column":3}}],"line":177}},"s":{"0":1,"1":1,"2":1,"3":1,"4":0,"5":0,"6":0,"7":1,"8":0,"9":0,"10":0,"11":0,"12":0,"13":0,"14":0,"15":0,"16":0,"17":0,"18":0,"19":0,"20":0,"21":0,"22":0,"23":0,"24":0,"25":0,"26":0,"27":0,"28":1,"29":0,"30":0,"31":0,"32":0,"33":0,"34":0,"35":0,"36":0,"37":0,"38":0,"39":0,"40":0,"41":0,"42":0,"43":0,"44":0,"45":0,"46":0,"47":0,"48":0,"49":0,"50":0,"51":0,"52":0,"53":1,"54":0,"55":0,"56":0,"57":0,"58":0,"59":0,"60":0,"61":0,"62":0,"63":0,"64":0},"f":{"0":0,"1":0,"2":0,"3":0},"b":{"0":[0,0],"1":[0,0],"2":[0,0],"3":[0,0],"4":[0,0],"5":[0,0],"6":[0,0],"7":[0,0],"8":[0,0],"9":[0,0],"10":[0,0],"11":[0,0],"12":[0,0],"13":[0,0],"14":[0,0],"15":[0,0],"16":[0,0],"17":[0,0],"18":[0,0],"19":[0,0],"20":[0,0]},"_coverageSchema":"1a1c01bbd47fc00a2c39e90264f33305004495a9","hash":"a15b9769bd0944cb7e0b7390214d9d9dcba32461"}
,"/home/abie/Documents/glintsxbinar/models/barang.js": {"path":"/home/abie/Documents/glintsxbinar/models/barang.js","statementMap":{"0":{"start":{"line":1,"column":17},"end":{"line":1,"column":36}},"1":{"start":{"line":2,"column":23},"end":{"line":2,"column":49}},"2":{"start":{"line":4,"column":21},"end":{"line":36,"column":1}},"3":{"start":{"line":40,"column":2},"end":{"line":42,"column":3}},"4":{"start":{"line":41,"column":4},"end":{"line":41,"column":16}},"5":{"start":{"line":44,"column":2},"end":{"line":44,"column":28}},"6":{"start":{"line":48,"column":0},"end":{"line":48,"column":64}},"7":{"start":{"line":50,"column":0},"end":{"line":50,"column":66}}},"fnMap":{"0":{"name":"getImage","decl":{"start":{"line":39,"column":9},"end":{"line":39,"column":17}},"loc":{"start":{"line":39,"column":25},"end":{"line":45,"column":1}},"line":39}},"branchMap":{"0":{"loc":{"start":{"line":40,"column":2},"end":{"line":42,"column":3}},"type":"if","locations":[{"start":{"line":40,"column":2},"end":{"line":42,"column":3}},{"start":{"line":40,"column":2},"end":{"line":42,"column":3}}],"line":40}},"s":{"0":1,"1":1,"2":1,"3":0,"4":0,"5":0,"6":1,"7":1},"f":{"0":0},"b":{"0":[0,0]},"_coverageSchema":"1a1c01bbd47fc00a2c39e90264f33305004495a9","hash":"b8107d6a7de3f0899611ce4f219d764c5ded299f"}
,"/home/abie/Documents/glintsxbinar/models/index.js": {"path":"/home/abie/Documents/glintsxbinar/models/index.js","statementMap":{"0":{"start":{"line":1,"column":17},"end":{"line":1,"column":36}},"1":{"start":{"line":3,"column":12},"end":{"line":3,"column":33}},"2":{"start":{"line":6,"column":0},"end":{"line":14,"column":38}},"3":{"start":{"line":13,"column":14},"end":{"line":13,"column":47}},"4":{"start":{"line":14,"column":18},"end":{"line":14,"column":36}},"5":{"start":{"line":17,"column":15},"end":{"line":17,"column":34}},"6":{"start":{"line":18,"column":18},"end":{"line":18,"column":40}},"7":{"start":{"line":19,"column":16},"end":{"line":19,"column":36}},"8":{"start":{"line":20,"column":18},"end":{"line":20,"column":40}},"9":{"start":{"line":21,"column":13},"end":{"line":21,"column":31}},"10":{"start":{"line":22,"column":0},"end":{"line":22,"column":65}}},"fnMap":{"0":{"name":"(anonymous_0)","decl":{"start":{"line":13,"column":8},"end":{"line":13,"column":9}},"loc":{"start":{"line":13,"column":14},"end":{"line":13,"column":47}},"line":13},"1":{"name":"(anonymous_1)","decl":{"start":{"line":14,"column":9},"end":{"line":14,"column":10}},"loc":{"start":{"line":14,"column":18},"end":{"line":14,"column":36}},"line":14}},"branchMap":{},"s":{"0":1,"1":1,"2":1,"3":1,"4":0,"5":1,"6":1,"7":1,"8":1,"9":1,"10":1},"f":{"0":1,"1":0},"b":{},"_coverageSchema":"1a1c01bbd47fc00a2c39e90264f33305004495a9","hash":"cdb63daf8de1e455fa29806f0e970a25122e347c"}
,"/home/abie/Documents/glintsxbinar/models/pelanggan.js": {"path":"/home/abie/Documents/glintsxbinar/models/pelanggan.js","statementMap":{"0":{"start":{"line":1,"column":17},"end":{"line":1,"column":36}},"1":{"start":{"line":2,"column":23},"end":{"line":2,"column":49}},"2":{"start":{"line":4,"column":24},"end":{"line":34,"column":1}},"3":{"start":{"line":38,"column":2},"end":{"line":40,"column":3}},"4":{"start":{"line":39,"column":4},"end":{"line":39,"column":16}},"5":{"start":{"line":42,"column":2},"end":{"line":42,"column":28}},"6":{"start":{"line":46,"column":0},"end":{"line":46,"column":67}},"7":{"start":{"line":48,"column":0},"end":{"line":48,"column":75}}},"fnMap":{"0":{"name":"getPhoto","decl":{"start":{"line":37,"column":9},"end":{"line":37,"column":17}},"loc":{"start":{"line":37,"column":25},"end":{"line":43,"column":1}},"line":37}},"branchMap":{"0":{"loc":{"start":{"line":38,"column":2},"end":{"line":40,"column":3}},"type":"if","locations":[{"start":{"line":38,"column":2},"end":{"line":40,"column":3}},{"start":{"line":38,"column":2},"end":{"line":40,"column":3}}],"line":38}},"s":{"0":1,"1":1,"2":1,"3":9,"4":9,"5":0,"6":1,"7":1},"f":{"0":9},"b":{"0":[9,0]},"_coverageSchema":"1a1c01bbd47fc00a2c39e90264f33305004495a9","hash":"02e4f8a45860563d86936b975e8e96e34b18e567"}
,"/home/abie/Documents/glintsxbinar/models/pemasok.js": {"path":"/home/abie/Documents/glintsxbinar/models/pemasok.js","statementMap":{"0":{"start":{"line":1,"column":17},"end":{"line":1,"column":36}},"1":{"start":{"line":2,"column":23},"end":{"line":2,"column":49}},"2":{"start":{"line":4,"column":22},"end":{"line":25,"column":1}},"3":{"start":{"line":29,"column":2},"end":{"line":31,"column":3}},"4":{"start":{"line":30,"column":4},"end":{"line":30,"column":16}},"5":{"start":{"line":33,"column":2},"end":{"line":33,"column":28}},"6":{"start":{"line":37,"column":0},"end":{"line":37,"column":65}},"7":{"start":{"line":39,"column":0},"end":{"line":39,"column":69}}},"fnMap":{"0":{"name":"getPhoto","decl":{"start":{"line":28,"column":9},"end":{"line":28,"column":17}},"loc":{"start":{"line":28,"column":25},"end":{"line":34,"column":1}},"line":28}},"branchMap":{"0":{"loc":{"start":{"line":29,"column":2},"end":{"line":31,"column":3}},"type":"if","locations":[{"start":{"line":29,"column":2},"end":{"line":31,"column":3}},{"start":{"line":29,"column":2},"end":{"line":31,"column":3}}],"line":29}},"s":{"0":1,"1":1,"2":1,"3":0,"4":0,"5":0,"6":1,"7":1},"f":{"0":0},"b":{"0":[0,0]},"_coverageSchema":"1a1c01bbd47fc00a2c39e90264f33305004495a9","hash":"eb3afbe85253478206821e245dfde85b189fc152"}
,"/home/abie/Documents/glintsxbinar/models/transaksi.js": {"path":"/home/abie/Documents/glintsxbinar/models/transaksi.js","statementMap":{"0":{"start":{"line":1,"column":17},"end":{"line":1,"column":36}},"1":{"start":{"line":2,"column":23},"end":{"line":2,"column":49}},"2":{"start":{"line":4,"column":24},"end":{"line":30,"column":1}},"3":{"start":{"line":33,"column":0},"end":{"line":33,"column":67}},"4":{"start":{"line":35,"column":0},"end":{"line":35,"column":75}}},"fnMap":{},"branchMap":{},"s":{"0":1,"1":1,"2":1,"3":1,"4":1},"f":{},"b":{},"_coverageSchema":"1a1c01bbd47fc00a2c39e90264f33305004495a9","hash":"f3545a47afedb4be37c3b5b9a08114ac7cd05401"}
,"/home/abie/Documents/glintsxbinar/models/user.js": {"path":"/home/abie/Documents/glintsxbinar/models/user.js","statementMap":{"0":{"start":{"line":1,"column":17},"end":{"line":1,"column":36}},"1":{"start":{"line":2,"column":23},"end":{"line":2,"column":49}},"2":{"start":{"line":3,"column":15},"end":{"line":3,"column":32}},"3":{"start":{"line":5,"column":19},"end":{"line":46,"column":1}},"4":{"start":{"line":50,"column":2},"end":{"line":52,"column":3}},"5":{"start":{"line":51,"column":4},"end":{"line":51,"column":16}},"6":{"start":{"line":54,"column":2},"end":{"line":54,"column":28}},"7":{"start":{"line":58,"column":29},"end":{"line":58,"column":58}},"8":{"start":{"line":59,"column":2},"end":{"line":59,"column":28}},"9":{"start":{"line":63,"column":0},"end":{"line":63,"column":62}},"10":{"start":{"line":65,"column":0},"end":{"line":65,"column":52}}},"fnMap":{"0":{"name":"getPhoto","decl":{"start":{"line":49,"column":9},"end":{"line":49,"column":17}},"loc":{"start":{"line":49,"column":25},"end":{"line":55,"column":1}},"line":49},"1":{"name":"encryptPassword","decl":{"start":{"line":57,"column":9},"end":{"line":57,"column":24}},"loc":{"start":{"line":57,"column":35},"end":{"line":60,"column":1}},"line":57}},"branchMap":{"0":{"loc":{"start":{"line":50,"column":2},"end":{"line":52,"column":3}},"type":"if","locations":[{"start":{"line":50,"column":2},"end":{"line":52,"column":3}},{"start":{"line":50,"column":2},"end":{"line":52,"column":3}}],"line":50}},"s":{"0":1,"1":1,"2":1,"3":1,"4":0,"5":0,"6":0,"7":2,"8":2,"9":1,"10":1},"f":{"0":0,"1":2},"b":{"0":[0,0]},"_coverageSchema":"1a1c01bbd47fc00a2c39e90264f33305004495a9","hash":"f922e5b3ea49ddda4ff02ae1c5be59c9dd4f32c5"}
,"/home/abie/Documents/glintsxbinar/routes/authRoutes.js": {"path":"/home/abie/Documents/glintsxbinar/routes/authRoutes.js","statementMap":{"0":{"start":{"line":1,"column":16},"end":{"line":1,"column":34}},"1":{"start":{"line":2,"column":17},"end":{"line":2,"column":36}},"2":{"start":{"line":5,"column":22},"end":{"line":5,"column":72}},"3":{"start":{"line":7,"column":23},"end":{"line":7,"column":63}},"4":{"start":{"line":10,"column":13},"end":{"line":10,"column":43}},"5":{"start":{"line":12,"column":15},"end":{"line":12,"column":31}},"6":{"start":{"line":14,"column":0},"end":{"line":19,"column":2}},"7":{"start":{"line":22,"column":0},"end":{"line":27,"column":2}},"8":{"start":{"line":29,"column":0},"end":{"line":29,"column":24}}},"fnMap":{},"branchMap":{},"s":{"0":1,"1":1,"2":1,"3":1,"4":1,"5":1,"6":1,"7":1,"8":1},"f":{},"b":{},"_coverageSchema":"1a1c01bbd47fc00a2c39e90264f33305004495a9","hash":"3742f85ed17422b6e7d329286b47dd44d453f42a"}
,"/home/abie/Documents/glintsxbinar/routes/barangRoutes.js": {"path":"/home/abie/Documents/glintsxbinar/routes/barangRoutes.js","statementMap":{"0":{"start":{"line":1,"column":16},"end":{"line":1,"column":34}},"1":{"start":{"line":4,"column":24},"end":{"line":4,"column":76}},"2":{"start":{"line":7,"column":25},"end":{"line":7,"column":67}},"3":{"start":{"line":9,"column":15},"end":{"line":9,"column":31}},"4":{"start":{"line":12,"column":0},"end":{"line":12,"column":41}},"5":{"start":{"line":13,"column":0},"end":{"line":13,"column":67}},"6":{"start":{"line":14,"column":0},"end":{"line":14,"column":66}},"7":{"start":{"line":15,"column":0},"end":{"line":15,"column":68}},"8":{"start":{"line":16,"column":0},"end":{"line":16,"column":71}},"9":{"start":{"line":18,"column":0},"end":{"line":18,"column":24}}},"fnMap":{},"branchMap":{},"s":{"0":1,"1":1,"2":1,"3":1,"4":1,"5":1,"6":1,"7":1,"8":1,"9":1},"f":{},"b":{},"_coverageSchema":"1a1c01bbd47fc00a2c39e90264f33305004495a9","hash":"4c77928b339ce4d386766c29e2997b7f38983d8a"}
,"/home/abie/Documents/glintsxbinar/routes/pelangganRoutes.js": {"path":"/home/abie/Documents/glintsxbinar/routes/pelangganRoutes.js","statementMap":{"0":{"start":{"line":1,"column":16},"end":{"line":1,"column":34}},"1":{"start":{"line":2,"column":15},"end":{"line":2,"column":31}},"2":{"start":{"line":4,"column":27},"end":{"line":4,"column":82}},"3":{"start":{"line":7,"column":28},"end":{"line":7,"column":73}},"4":{"start":{"line":10,"column":13},"end":{"line":10,"column":43}},"5":{"start":{"line":13,"column":0},"end":{"line":13,"column":56}},"6":{"start":{"line":16,"column":0},"end":{"line":16,"column":86}},"7":{"start":{"line":19,"column":0},"end":{"line":19,"column":84}},"8":{"start":{"line":22,"column":0},"end":{"line":22,"column":86}},"9":{"start":{"line":25,"column":0},"end":{"line":25,"column":89}},"10":{"start":{"line":27,"column":0},"end":{"line":27,"column":24}}},"fnMap":{},"branchMap":{},"s":{"0":1,"1":1,"2":1,"3":1,"4":1,"5":1,"6":1,"7":1,"8":1,"9":1,"10":1},"f":{},"b":{},"_coverageSchema":"1a1c01bbd47fc00a2c39e90264f33305004495a9","hash":"fe4cde2e6bc2156faa1743614933b14d571ab77f"}
,"/home/abie/Documents/glintsxbinar/routes/pemasokRoutes.js": {"path":"/home/abie/Documents/glintsxbinar/routes/pemasokRoutes.js","statementMap":{"0":{"start":{"line":1,"column":16},"end":{"line":1,"column":34}},"1":{"start":{"line":3,"column":25},"end":{"line":3,"column":78}},"2":{"start":{"line":4,"column":26},"end":{"line":4,"column":69}},"3":{"start":{"line":6,"column":15},"end":{"line":6,"column":31}},"4":{"start":{"line":8,"column":0},"end":{"line":8,"column":42}},"5":{"start":{"line":9,"column":0},"end":{"line":9,"column":70}},"6":{"start":{"line":10,"column":0},"end":{"line":10,"column":68}},"7":{"start":{"line":11,"column":0},"end":{"line":11,"column":70}},"8":{"start":{"line":12,"column":0},"end":{"line":12,"column":73}},"9":{"start":{"line":14,"column":0},"end":{"line":14,"column":24}}},"fnMap":{},"branchMap":{},"s":{"0":1,"1":1,"2":1,"3":1,"4":1,"5":1,"6":1,"7":1,"8":1,"9":1},"f":{},"b":{},"_coverageSchema":"1a1c01bbd47fc00a2c39e90264f33305004495a9","hash":"50c0d88e35d9e3e3315fa304a112f6cde60c3221"}
,"/home/abie/Documents/glintsxbinar/routes/transaksiRoutes.js": {"path":"/home/abie/Documents/glintsxbinar/routes/transaksiRoutes.js","statementMap":{"0":{"start":{"line":1,"column":16},"end":{"line":1,"column":34}},"1":{"start":{"line":2,"column":17},"end":{"line":2,"column":36}},"2":{"start":{"line":3,"column":0},"end":{"line":3,"column":31}},"3":{"start":{"line":6,"column":27},"end":{"line":6,"column":82}},"4":{"start":{"line":9,"column":28},"end":{"line":9,"column":73}},"5":{"start":{"line":12,"column":15},"end":{"line":12,"column":31}},"6":{"start":{"line":15,"column":0},"end":{"line":15,"column":44}},"7":{"start":{"line":18,"column":0},"end":{"line":18,"column":74}},"8":{"start":{"line":21,"column":0},"end":{"line":21,"column":72}},"9":{"start":{"line":24,"column":0},"end":{"line":24,"column":74}},"10":{"start":{"line":27,"column":0},"end":{"line":27,"column":77}},"11":{"start":{"line":29,"column":0},"end":{"line":29,"column":24}}},"fnMap":{},"branchMap":{},"s":{"0":1,"1":1,"2":1,"3":1,"4":1,"5":1,"6":1,"7":1,"8":1,"9":1,"10":1,"11":1},"f":{},"b":{},"_coverageSchema":"1a1c01bbd47fc00a2c39e90264f33305004495a9","hash":"216b7c94250d39e5847a7d451c5067c18d1768b9"}
}
