TN:
SF:app.js
FN:42,(anonymous_0)
FNF:1
FNH:0
FNDA:0,(anonymous_0)
DA:1,1
DA:5,1
DA:6,1
DA:9,1
DA:10,1
DA:11,1
DA:12,1
DA:13,1
DA:16,1
DA:19,1
DA:20,1
DA:27,1
DA:30,1
DA:33,1
DA:34,1
DA:35,1
DA:36,1
DA:37,1
DA:40,1
DA:41,1
DA:42,0
DA:45,1
LF:22
LH:21
BRDA:40,0,0,1
BRDA:40,0,1,0
BRDA:41,1,0,0
BRDA:41,1,1,1
BRF:4
BRH:2
end_of_record
TN:
SF:controllers/authController.js
FN:4,(anonymous_0)
FNF:1
FNH:1
FNDA:2,(anonymous_0)
DA:1,1
DA:5,2
DA:6,2
DA:10,2
DA:12,2
DA:17,0
DA:25,1
LF:7
LH:6
BRF:0
BRH:0
end_of_record
TN:
SF:controllers/barangController.js
FN:6,(anonymous_0)
FN:30,(anonymous_1)
FN:52,(anonymous_2)
FN:81,(anonymous_3)
FN:97,(anonymous_4)
FN:125,(anonymous_5)
FNF:6
FNH:0
FNDA:0,(anonymous_0)
FNDA:0,(anonymous_1)
FNDA:0,(anonymous_2)
FNDA:0,(anonymous_3)
FNDA:0,(anonymous_4)
FNDA:0,(anonymous_5)
DA:1,1
DA:2,1
DA:3,1
DA:7,0
DA:8,0
DA:11,0
DA:12,0
DA:18,0
DA:23,0
DA:31,0
DA:32,0
DA:35,0
DA:36,0
DA:40,0
DA:45,0
DA:53,0
DA:55,0
DA:68,0
DA:73,0
DA:82,0
DA:84,0
DA:86,0
DA:90,0
DA:98,0
DA:100,0
DA:101,0
DA:104,0
DA:105,0
DA:109,0
DA:110,0
DA:116,0
DA:119,0
DA:122,0
DA:125,0
DA:126,0
DA:127,0
DA:129,0
DA:138,0
DA:141,0
DA:146,0
DA:151,0
DA:152,0
DA:160,1
LF:43
LH:4
BRDA:11,0,0,0
BRDA:11,0,1,0
BRDA:35,1,0,0
BRDA:35,1,1,0
BRDA:100,2,0,0
BRDA:100,2,1,0
BRDA:104,3,0,0
BRDA:104,3,1,0
BRDA:109,4,0,0
BRDA:109,4,1,0
BRDA:126,5,0,0
BRDA:126,5,1,0
BRF:12
BRH:0
end_of_record
TN:
SF:controllers/pelangganController.js
FN:7,(anonymous_0)
FN:33,(anonymous_1)
FN:58,(anonymous_2)
FN:86,(anonymous_3)
FN:118,(anonymous_4)
FN:147,(anonymous_5)
FNF:6
FNH:0
FNDA:0,(anonymous_0)
FNDA:0,(anonymous_1)
FNDA:0,(anonymous_2)
FNDA:0,(anonymous_3)
FNDA:0,(anonymous_4)
FNDA:0,(anonymous_5)
DA:1,1
DA:2,1
DA:3,1
DA:8,0
DA:10,0
DA:13,0
DA:14,0
DA:20,0
DA:25,0
DA:34,0
DA:36,0
DA:39,0
DA:40,0
DA:46,0
DA:51,0
DA:59,0
DA:61,0
DA:62,0
DA:65,0
DA:66,0
DA:70,0
DA:71,0
DA:77,0
DA:80,0
DA:83,0
DA:86,0
DA:87,0
DA:88,0
DA:90,0
DA:99,0
DA:102,0
DA:105,0
DA:110,0
DA:111,0
DA:119,0
DA:121,0
DA:134,0
DA:139,0
DA:148,0
DA:150,0
DA:152,0
DA:156,0
DA:164,1
LF:43
LH:4
BRDA:13,0,0,0
BRDA:13,0,1,0
BRDA:39,1,0,0
BRDA:39,1,1,0
BRDA:61,2,0,0
BRDA:61,2,1,0
BRDA:65,3,0,0
BRDA:65,3,1,0
BRDA:70,4,0,0
BRDA:70,4,1,0
BRDA:87,5,0,0
BRDA:87,5,1,0
BRF:12
BRH:0
end_of_record
TN:
SF:controllers/pemasokController.js
FN:6,(anonymous_0)
FN:28,(anonymous_1)
FN:52,(anonymous_2)
FN:79,(anonymous_3)
FN:106,(anonymous_4)
FN:133,(anonymous_5)
FN:167,(anonymous_6)
FNF:7
FNH:0
FNDA:0,(anonymous_0)
FNDA:0,(anonymous_1)
FNDA:0,(anonymous_2)
FNDA:0,(anonymous_3)
FNDA:0,(anonymous_4)
FNDA:0,(anonymous_5)
FNDA:0,(anonymous_6)
DA:1,1
DA:2,1
DA:3,1
DA:7,0
DA:8,0
DA:10,0
DA:11,0
DA:16,0
DA:21,0
DA:29,0
DA:30,0
DA:34,0
DA:35,0
DA:40,0
DA:45,0
DA:53,0
DA:54,0
DA:55,0
DA:58,0
DA:59,0
DA:63,0
DA:64,0
DA:70,0
DA:73,0
DA:76,0
DA:79,0
DA:80,0
DA:81,0
DA:83,0
DA:91,0
DA:93,0
DA:98,0
DA:99,0
DA:107,0
DA:108,0
DA:109,0
DA:112,0
DA:113,0
DA:117,0
DA:118,0
DA:124,0
DA:127,0
DA:130,0
DA:133,0
DA:134,0
DA:135,0
DA:137,0
DA:145,0
DA:155,0
DA:160,0
DA:168,0
DA:170,0
DA:172,0
DA:176,0
DA:184,1
LF:55
LH:4
BRDA:10,0,0,0
BRDA:10,0,1,0
BRDA:34,1,0,0
BRDA:34,1,1,0
BRDA:54,2,0,0
BRDA:54,2,1,0
BRDA:58,3,0,0
BRDA:58,3,1,0
BRDA:63,4,0,0
BRDA:63,4,1,0
BRDA:80,5,0,0
BRDA:80,5,1,0
BRDA:108,6,0,0
BRDA:108,6,1,0
BRDA:112,7,0,0
BRDA:112,7,1,0
BRDA:117,8,0,0
BRDA:117,8,1,0
BRDA:134,9,0,0
BRDA:134,9,1,0
BRF:20
BRH:0
end_of_record
TN:
SF:controllers/transaksiController.js
FN:5,(anonymous_0)
FN:31,(anonymous_1)
FN:57,(anonymous_2)
FN:84,(anonymous_3)
FN:113,(anonymous_4)
FNF:5
FNH:1
FNDA:1,(anonymous_0)
FNDA:0,(anonymous_1)
FNDA:0,(anonymous_2)
FNDA:0,(anonymous_3)
FNDA:0,(anonymous_4)
DA:1,1
DA:6,1
DA:8,1
DA:11,1
DA:12,1
DA:18,0
DA:23,0
DA:32,0
DA:34,0
DA:37,0
DA:38,0
DA:44,0
DA:49,0
DA:58,0
DA:60,0
DA:71,0
DA:76,0
DA:85,0
DA:87,0
DA:100,0
DA:105,0
DA:114,0
DA:116,0
DA:118,0
DA:122,0
DA:130,1
LF:26
LH:6
BRDA:11,0,0,1
BRDA:11,0,1,0
BRDA:37,1,0,0
BRDA:37,1,1,0
BRF:4
BRH:1
end_of_record
TN:
SF:middlewares/auth/index.js
FN:8,(anonymous_0)
FN:10,(anonymous_1)
FN:48,(anonymous_2)
FN:63,(anonymous_3)
FN:65,(anonymous_4)
FN:103,(anonymous_5)
FN:133,(anonymous_6)
FN:135,(anonymous_7)
FN:173,(anonymous_8)
FN:188,(anonymous_9)
FN:190,(anonymous_10)
FN:226,(anonymous_11)
FNF:12
FNH:6
FNDA:2,(anonymous_0)
FNDA:2,(anonymous_1)
FNDA:2,(anonymous_2)
FNDA:1,(anonymous_3)
FNDA:1,(anonymous_4)
FNDA:1,(anonymous_5)
FNDA:0,(anonymous_6)
FNDA:0,(anonymous_7)
FNDA:0,(anonymous_8)
FNDA:0,(anonymous_9)
FNDA:0,(anonymous_10)
FNDA:0,(anonymous_11)
DA:1,1
DA:2,1
DA:3,1
DA:4,1
DA:5,1
DA:6,1
DA:8,1
DA:10,2
DA:17,2
DA:18,0
DA:25,2
DA:26,1
DA:33,1
DA:36,1
DA:40,1
DA:49,2
DA:50,2
DA:51,1
DA:55,1
DA:63,1
DA:65,1
DA:72,1
DA:73,0
DA:80,1
DA:81,0
DA:88,1
DA:91,1
DA:95,1
DA:104,1
DA:105,1
DA:107,1
DA:108,0
DA:113,1
DA:115,1
DA:116,0
DA:121,1
DA:125,0
DA:133,1
DA:135,0
DA:142,0
DA:143,0
DA:150,0
DA:151,0
DA:158,0
DA:161,0
DA:165,1
DA:174,0
DA:178,0
DA:179,0
DA:181,0
DA:188,1
DA:190,0
DA:197,0
DA:198,0
DA:205,0
DA:206,0
DA:213,0
DA:216,0
DA:220,1
DA:227,0
DA:231,0
DA:232,0
DA:235,0
LF:63
LH:35
BRDA:17,0,0,0
BRDA:17,0,1,2
BRDA:25,1,0,1
BRDA:25,1,1,1
BRDA:72,2,0,0
BRDA:72,2,1,1
BRDA:80,3,0,0
BRDA:80,3,1,1
BRDA:107,4,0,0
BRDA:107,4,1,1
BRDA:115,5,0,0
BRDA:115,5,1,1
BRDA:142,6,0,0
BRDA:142,6,1,0
BRDA:150,7,0,0
BRDA:150,7,1,0
BRDA:178,8,0,0
BRDA:178,8,1,0
BRDA:197,9,0,0
BRDA:197,9,1,0
BRDA:205,10,0,0
BRDA:205,10,1,0
BRDA:231,11,0,0
BRDA:231,11,1,0
BRF:24
BRH:7
end_of_record
TN:
SF:middlewares/validators/authValidator.js
FN:3,(anonymous_0)
FN:27,(anonymous_1)
FNF:2
FNH:2
FNDA:2,(anonymous_0)
FNDA:1,(anonymous_1)
DA:1,1
DA:3,1
DA:4,2
DA:6,2
DA:7,0
DA:9,2
DA:10,0
DA:13,2
DA:14,0
DA:17,2
DA:19,0
DA:24,2
DA:27,1
DA:28,1
DA:30,1
DA:31,0
DA:33,1
DA:34,0
DA:38,1
DA:40,0
DA:45,1
LF:21
LH:14
BRDA:6,0,0,0
BRDA:6,0,1,2
BRDA:9,1,0,0
BRDA:9,1,1,2
BRDA:13,2,0,0
BRDA:13,2,1,2
BRDA:17,3,0,0
BRDA:17,3,1,2
BRDA:30,4,0,0
BRDA:30,4,1,1
BRDA:33,5,0,0
BRDA:33,5,1,1
BRDA:38,6,0,0
BRDA:38,6,1,1
BRF:14
BRH:7
end_of_record
TN:
SF:middlewares/validators/barangValidator.js
FN:5,(anonymous_0)
FN:50,(anonymous_1)
FN:59,(anonymous_2)
FN:99,(anonymous_3)
FNF:4
FNH:0
FNDA:0,(anonymous_0)
FNDA:0,(anonymous_1)
FNDA:0,(anonymous_2)
FNDA:0,(anonymous_3)
DA:1,1
DA:2,1
DA:3,1
DA:5,1
DA:7,0
DA:10,0
DA:11,0
DA:17,0
DA:18,0
DA:24,0
DA:27,0
DA:28,0
DA:32,0
DA:33,0
DA:37,0
DA:39,0
DA:44,0
DA:47,0
DA:50,1
DA:51,0
DA:52,0
DA:56,0
DA:59,1
DA:60,0
DA:64,0
DA:65,0
DA:75,0
DA:76,0
DA:82,0
DA:87,0
DA:88,0
DA:92,0
DA:93,0
DA:96,0
DA:99,1
DA:100,0
DA:103,0
DA:104,0
DA:108,0
DA:109,0
DA:115,0
DA:118,0
DA:119,0
DA:123,0
DA:124,0
DA:129,0
LF:46
LH:7
BRDA:10,0,0,0
BRDA:10,0,1,0
BRDA:17,1,0,0
BRDA:17,1,1,0
BRDA:27,2,0,0
BRDA:27,2,1,0
BRDA:32,3,0,0
BRDA:32,3,1,0
BRDA:37,4,0,0
BRDA:37,4,1,0
BRDA:51,5,0,0
BRDA:51,5,1,0
BRDA:64,6,0,0
BRDA:64,6,1,0
BRDA:75,7,0,0
BRDA:75,7,1,0
BRDA:87,8,0,0
BRDA:87,8,1,0
BRDA:92,9,0,0
BRDA:92,9,1,0
BRDA:103,10,0,0
BRDA:103,10,1,0
BRDA:108,11,0,0
BRDA:108,11,1,0
BRDA:118,12,0,0
BRDA:118,12,1,0
BRDA:123,13,0,0
BRDA:123,13,1,0
BRF:28
BRH:0
end_of_record
TN:
SF:middlewares/validators/pelangganValidator.js
FN:5,(anonymous_0)
FN:17,(anonymous_1)
FN:44,(anonymous_2)
FN:72,(anonymous_3)
FNF:4
FNH:0
FNDA:0,(anonymous_0)
FNDA:0,(anonymous_1)
FNDA:0,(anonymous_2)
FNDA:0,(anonymous_3)
DA:1,1
DA:2,1
DA:3,1
DA:5,1
DA:7,0
DA:8,0
DA:13,0
DA:17,1
DA:19,0
DA:21,0
DA:22,0
DA:25,0
DA:26,0
DA:29,0
DA:30,0
DA:34,0
DA:36,0
DA:41,0
DA:44,1
DA:45,0
DA:48,0
DA:49,0
DA:55,0
DA:58,0
DA:59,0
DA:63,0
DA:64,0
DA:69,0
DA:72,1
DA:73,0
DA:76,0
DA:77,0
DA:83,0
DA:84,0
DA:90,0
DA:93,0
DA:94,0
DA:98,0
DA:99,0
DA:105,0
LF:40
LH:7
BRDA:7,0,0,0
BRDA:7,0,1,0
BRDA:21,1,0,0
BRDA:21,1,1,0
BRDA:25,2,0,0
BRDA:25,2,1,0
BRDA:29,3,0,0
BRDA:29,3,1,0
BRDA:34,4,0,0
BRDA:34,4,1,0
BRDA:48,5,0,0
BRDA:48,5,1,0
BRDA:58,6,0,0
BRDA:58,6,1,0
BRDA:63,7,0,0
BRDA:63,7,1,0
BRDA:76,8,0,0
BRDA:76,8,1,0
BRDA:83,9,0,0
BRDA:83,9,1,0
BRDA:93,10,0,0
BRDA:93,10,1,0
BRDA:98,11,0,0
BRDA:98,11,1,0
BRF:24
BRH:0
end_of_record
TN:
SF:middlewares/validators/pemasokValidator.js
FN:5,(anonymous_0)
FN:16,(anonymous_1)
FN:35,(anonymous_2)
FN:73,(anonymous_3)
FNF:4
FNH:0
FNDA:0,(anonymous_0)
FNDA:0,(anonymous_1)
FNDA:0,(anonymous_2)
FNDA:0,(anonymous_3)
DA:1,1
DA:2,1
DA:3,1
DA:5,1
DA:7,0
DA:8,0
DA:13,0
DA:16,1
DA:17,0
DA:18,0
DA:19,0
DA:24,0
DA:27,0
DA:28,0
DA:35,1
DA:36,0
DA:37,0
DA:41,0
DA:43,0
DA:44,0
DA:49,0
DA:50,0
DA:53,0
DA:54,0
DA:57,0
DA:59,0
DA:64,0
DA:66,0
DA:73,1
DA:74,0
DA:77,0
DA:78,0
DA:84,0
DA:85,0
DA:91,0
DA:94,0
DA:95,0
DA:99,0
DA:100,0
DA:106,0
LF:40
LH:7
BRDA:7,0,0,0
BRDA:7,0,1,0
BRDA:18,1,0,0
BRDA:18,1,1,0
BRDA:43,2,0,0
BRDA:43,2,1,0
BRDA:49,3,0,0
BRDA:49,3,1,0
BRDA:53,4,0,0
BRDA:53,4,1,0
BRDA:57,5,0,0
BRDA:57,5,1,0
BRDA:77,6,0,0
BRDA:77,6,1,0
BRDA:84,7,0,0
BRDA:84,7,1,0
BRDA:94,8,0,0
BRDA:94,8,1,0
BRDA:99,9,0,0
BRDA:99,9,1,0
BRF:20
BRH:0
end_of_record
TN:
SF:middlewares/validators/transaksiValidator.js
FN:5,(anonymous_0)
FN:16,(anonymous_1)
FN:77,(anonymous_2)
FN:151,(anonymous_3)
FNF:4
FNH:1
FNDA:0,(anonymous_0)
FNDA:1,(anonymous_1)
FNDA:0,(anonymous_2)
FNDA:0,(anonymous_3)
DA:1,1
DA:2,1
DA:3,1
DA:5,1
DA:7,0
DA:8,0
DA:13,0
DA:16,1
DA:17,1
DA:20,1
DA:21,0
DA:27,1
DA:28,0
DA:34,1
DA:35,0
DA:41,1
DA:47,1
DA:48,0
DA:52,1
DA:53,0
DA:57,1
DA:58,0
DA:62,0
DA:63,0
DA:69,0
DA:70,0
DA:71,0
DA:74,0
DA:77,1
DA:78,0
DA:81,0
DA:82,0
DA:88,0
DA:89,0
DA:95,0
DA:96,0
DA:102,0
DA:103,0
DA:109,0
DA:116,0
DA:117,0
DA:121,0
DA:122,0
DA:126,0
DA:127,0
DA:131,0
DA:132,0
DA:136,0
DA:137,0
DA:143,0
DA:144,0
DA:145,0
DA:148,0
DA:151,1
DA:152,0
DA:155,0
DA:156,0
DA:162,0
DA:163,0
DA:169,0
DA:172,0
DA:173,0
DA:177,0
DA:178,0
DA:184,0
LF:65
LH:15
BRDA:7,0,0,0
BRDA:7,0,1,0
BRDA:20,1,0,0
BRDA:20,1,1,1
BRDA:27,2,0,0
BRDA:27,2,1,1
BRDA:34,3,0,0
BRDA:34,3,1,1
BRDA:47,4,0,0
BRDA:47,4,1,1
BRDA:52,5,0,0
BRDA:52,5,1,1
BRDA:57,6,0,0
BRDA:57,6,1,0
BRDA:62,7,0,0
BRDA:62,7,1,0
BRDA:81,8,0,0
BRDA:81,8,1,0
BRDA:88,9,0,0
BRDA:88,9,1,0
BRDA:95,10,0,0
BRDA:95,10,1,0
BRDA:102,11,0,0
BRDA:102,11,1,0
BRDA:116,12,0,0
BRDA:116,12,1,0
BRDA:121,13,0,0
BRDA:121,13,1,0
BRDA:126,14,0,0
BRDA:126,14,1,0
BRDA:131,15,0,0
BRDA:131,15,1,0
BRDA:136,16,0,0
BRDA:136,16,1,0
BRDA:155,17,0,0
BRDA:155,17,1,0
BRDA:162,18,0,0
BRDA:162,18,1,0
BRDA:172,19,0,0
BRDA:172,19,1,0
BRDA:177,20,0,0
BRDA:177,20,1,0
BRF:42
BRH:5
end_of_record
TN:
SF:models/barang.js
FN:39,getImage
FNF:1
FNH:0
FNDA:0,getImage
DA:1,1
DA:2,1
DA:4,1
DA:40,0
DA:41,0
DA:44,0
DA:48,1
DA:50,1
LF:8
LH:5
BRDA:40,0,0,0
BRDA:40,0,1,0
BRF:2
BRH:0
end_of_record
TN:
SF:models/index.js
FN:13,(anonymous_0)
FN:14,(anonymous_1)
FNF:2
FNH:1
FNDA:1,(anonymous_0)
FNDA:0,(anonymous_1)
DA:1,1
DA:3,1
DA:6,1
DA:13,1
DA:14,0
DA:17,1
DA:18,1
DA:19,1
DA:20,1
DA:21,1
DA:22,1
LF:11
LH:10
BRF:0
BRH:0
end_of_record
TN:
SF:models/pelanggan.js
FN:37,getPhoto
FNF:1
FNH:0
FNDA:0,getPhoto
DA:1,1
DA:2,1
DA:4,1
DA:38,0
DA:39,0
DA:42,0
DA:46,1
DA:48,1
LF:8
LH:5
BRDA:38,0,0,0
BRDA:38,0,1,0
BRF:2
BRH:0
end_of_record
TN:
SF:models/pemasok.js
FN:28,getPhoto
FNF:1
FNH:0
FNDA:0,getPhoto
DA:1,1
DA:2,1
DA:4,1
DA:29,0
DA:30,0
DA:33,0
DA:37,1
DA:39,1
LF:8
LH:5
BRDA:29,0,0,0
BRDA:29,0,1,0
BRF:2
BRH:0
end_of_record
TN:
SF:models/transaksi.js
FNF:0
FNH:0
DA:1,1
DA:2,1
DA:4,1
DA:33,1
DA:35,1
LF:5
LH:5
BRF:0
BRH:0
end_of_record
TN:
SF:models/user.js
FN:49,getPhoto
FN:57,encryptPassword
FNF:2
FNH:1
FNDA:0,getPhoto
FNDA:2,encryptPassword
DA:1,1
DA:2,1
DA:3,1
DA:5,1
DA:50,0
DA:51,0
DA:54,0
DA:58,2
DA:59,2
DA:63,1
DA:65,1
LF:11
LH:8
BRDA:50,0,0,0
BRDA:50,0,1,0
BRF:2
BRH:0
end_of_record
TN:
SF:routes/authRoutes.js
FNF:0
FNH:0
DA:1,1
DA:2,1
DA:5,1
DA:7,1
DA:10,1
DA:12,1
DA:14,1
DA:22,1
DA:29,1
LF:9
LH:9
BRF:0
BRH:0
end_of_record
TN:
SF:routes/barangRoutes.js
FNF:0
FNH:0
DA:1,1
DA:4,1
DA:7,1
DA:9,1
DA:12,1
DA:13,1
DA:14,1
DA:15,1
DA:16,1
DA:18,1
LF:10
LH:10
BRF:0
BRH:0
end_of_record
TN:
SF:routes/pelangganRoutes.js
FNF:0
FNH:0
DA:1,1
DA:2,1
DA:4,1
DA:7,1
DA:10,1
DA:13,1
DA:16,1
DA:19,1
DA:22,1
DA:25,1
DA:27,1
LF:11
LH:11
BRF:0
BRH:0
end_of_record
TN:
SF:routes/pemasokRoutes.js
FNF:0
FNH:0
DA:1,1
DA:3,1
DA:4,1
DA:6,1
DA:8,1
DA:9,1
DA:10,1
DA:11,1
DA:12,1
DA:14,1
LF:10
LH:10
BRF:0
BRH:0
end_of_record
TN:
SF:routes/transaksiRoutes.js
FNF:0
FNH:0
DA:1,1
DA:2,1
DA:3,1
DA:6,1
DA:9,1
DA:12,1
DA:15,1
DA:18,1
DA:21,1
DA:24,1
DA:27,1
DA:29,1
LF:12
LH:12
BRF:0
BRH:0
end_of_record
